Курская обл., 8021, 7
респ. Саха (Якутия), 7107, 4
Камчатский край, 2450, 2
респ. Калмыкия, 3509, 7
Пермский край, 111, 9
Еврейская АО, 4176, 5
Ямало-Ненецкий АО, 164, 1
Кемеровская обл., 3517, 1
Ставропольский край, 1303, 8
респ. Кабардино-Балкария, 888, 8
Липецкая обл., 8492, 5
Кировская обл., 7182, 4
респ. Карелия, 5226, 8
Красноярский край, 4178, 3
респ. Чечня, 6611, 2
респ. Адыгея, 6887, 7
Ненецкий АО, 3118, 8
респ. Марий-Эл, 8952, 2
респ. Башкортостан, 958, 9
Ханты-Мансийский АО, 4213, 9
респ. Хакасия, 5451, 7
Архангельская обл., 9529, 1
Челябинская обл., 2076, 4
Рязанская обл., 8050, 4
Вологодская обл., 5100, 1
Саратовская обл., 9352, 5
Омская обл., 8418, 3
респ. Бурятия, 5008, 4
респ. Северная Осетия - Алания, 2227, 2
Магаданская обл., 248, 6
Приморский край, 2704, 4
Волгоградская обл., 2614, 8
Краснодарский край, 9451, 2
Забайкальский край, 9123, 2
Астраханская обл., 9659, 6
Чукотский АО, 3817, 2
респ. Мордовия, 4126, 5
Иркутская обл., 6038, 7
Алтайский край, 5945, 1
Хабаровский край, 2807, 1
респ. Татарстан, 4383, 7
Амурская обл., 2626, 9
Калининградская обл., 9536, 3
респ. Ингушетия, 9056, 3
Псковская обл., 7585, 7
респ. Крым, 4546, 1
Мурманская обл., 2122, 1
Самарская обл., 3607, 8
респ. Коми, 2823, 5
респ. Чувашия, 8942, 2
Тюменская обл., 9635, 2
Брянская обл., 6493, 3
Ульяновская обл., 9358, 4
Ярославская обл., 5235, 9
респ. Удмуртия, 9868, 8
Тульская обл., 7432, 1
Воронежская обл., 4959, 8
респ. Алтай, 3367, 5
Новгородская обл., 8139, 5
респ. Тыва, 9556, 7
Смоленская обл., 7745, 2
Орловская обл., 4024, 8
респ. Карачаево-Черкесия, 4524, 8
Ростовская обл., 6977, 9
респ. Дагестан, 3382, 4
Сахалинская обл., 197, 8
Владимирская обл., 5750, 8
Тверская обл., 9258, 5
Калужская обл., 2854, 7
Оренбургская обл., 7662, 2
