14196799,1151
66373407,90
98469864,1192
43728039,260
02251288,677
94642087,1199
76463259,916
74603282,109
77787514,318
58991817,514
44181550,963
57920085,555
32382068,405
43828456,984
49118544,414
43643493,467
64061849,443
66373407,601
66486336,412
80232896,271
68232184,180
38102103,1034
52835773,30
76754562,1138
04437871,872
62415453,1084
82288624,991
53589989,930
15864949,618
84328748,596
58701225,1056
61515857,475
27443613,770
83686924,599
14344077,270
72575277,611
88472416,519
96964781,480
09571167,1068
38189753,370
56840742,1093
53826800,522
10853580,136
44251055,957
92702578,1186
60494177,492
10740057,40
07496639,888
93851343,1169
92554122,469
32176711,79
34009802,481
43750153,283
53826800,462
94490411,119
97531906,114
92915312,1043
91838797,1093
01331516,843
45802263,922
20953676,1044
70630671,61
60538451,1133
25465228,28
95144054,1190
42463948,196
16188815,620
45238055,211
50283552,492
91130952,83
03441770,1003
22801104,1155
38955150,554
82288624,425
15285317,120
36529759,633
84074386,707
96360873,338
53873002,941
42600534,445
14435287,102
28076018,1037
84754660,296
84847218,1126
73600930,995
81068616,312
70584035,1042
92425064,1045
77474469,498
32030365,308
86406468,123
52110887,148
24233040,896
29773947,624
32509847,687
98609352,874
93008709,737
07367564,642
33220093,842
63978445,739
48517638,120
36406708,958
83052651,671
73116097,73
69086519,2
07899348,668
15896018,829
08112392,344
71950150,215
23172364,1004
30078956,889
30488632,69
62380065,334
31102223,25
14984099,996
58884072,500
47029255,1178
30948969,180
25786439,513
16234673,491
57797670,1078
36691913,288
92915312,397
81848416,116
50283552,689
79055352,913
87078664,741
04877448,265
93008709,528
43592623,754
69178771,903
78023031,827
20556969,76
32499599,858
39345271,165
81710317,484
44642105,518
73600930,178
70007084,642
98164530,876
01331516,987
56840742,499
84074386,325
29742837,873
55318228,1078
59190684,892
63978445,859
89121610,497
60670137,149
17626248,797
08106582,690
94490411,995
55603522,492
06087425,730
64726069,125
85474451,593
53501967,796
70208795,525
22910486,1161
36252299,534
91269997,87
00046015,1174
36406708,560
31204033,638
37871185,673
35868255,992
72575277,849
78193406,151
73760900,954
38791093,337
78120938,938
88213767,1078
64726069,514
70803037,970
81199259,653
68778279,567
63612684,105
84847218,413
48645607,93
03220641,409
13889005,813
60342935,374
96360873,1031
41540657,327
61515857,174
34412527,985
07755996,576
51499709,309
15285317,278
16452374,846
69765636,971
20556969,751
15479303,1103
04104919,506
77034656,440
63113174,28
00865906,636
48952606,240
98647514,47
10054239,234
65109175,1057
62743457,1037
85170452,96
44271404,950
16827950,157
44941949,501
93437257,1122
97709640,149
73600930,687
23689824,1042
33220093,1085
84619761,572
10566701,829
68037062,991
20103774,441
28315674,187
80967484,333
17424936,1150
88719788,771
63109702,580
43728039,802
14928925,922
35062622,815
21831218,348
63060744,271
73680673,435
19055435,268
66354093,694
60932181,8
76463259,528
14984099,798
11740278,390
70208795,199
88578262,725
40872926,340
70803037,941
72478486,286
70555332,530
46156419,204
32427431,530
17626248,424
88578262,1135
47029255,644
08106582,1035
48946629,433
50423972,331
41088999,775
16598966,1132
79501354,34
83230851,755
71618463,358
48519038,889
52443411,974
44271404,20
21831218,1089
46156419,259
72738092,799
69878480,33
40866697,1040
46805201,1014
13961305,11
63309706,133
20394080,347
52235269,716
14327711,690
63003314,578
80778356,1112
73680215,607
15547583,956
94642087,1151
40110332,879
80076636,340
80108436,10
24808583,168
21074837,501
95509020,706
17244800,842
80290377,421
60647740,380
96360873,193
42035428,524
66354093,710
26451497,552
50725670,1050
58243534,173
60799180,424
23441040,739
92288485,572
07496639,392
02088723,375
14327711,1052
74481569,407
13280581,1035
10740057,461
99874308,298
76914669,800
64261874,693
22017130,138
99762476,583
68870478,350
45385254,151
69086519,194
17121194,592
85212022,374
60342935,963
21074837,996
34009802,941
62892469,248
68684617,1078
04924319,190
62380065,1020
85841314,594
86811149,71
23172364,226
60342935,602
44941949,805
24334952,607
36296439,389
94642087,336
04437871,272
71310718,1135
28315674,640
10306994,723
42607830,121
35593768,535
21831218,1157
73680673,130
85170452,735
77787514,215
29806713,385
62743457,332
00860383,81
62415453,81
06550455,1147
55827003,871
23526563,177
55603522,567
25769258,1151
99874308,386
54956940,245
06082642,258
74603282,738
13556150,144
53501967,1093
97780274,49
03220641,578
09777545,473
81068616,727
84754660,1187
06284480,788
32136845,355
73760900,1076
13280581,115
61257177,718
51742188,750
76914669,525
83868115,1137
29742837,519
17526425,61
15547583,281
22129901,888
04507369,691
10740057,424
01755084,315
03136201,517
98164530,1108
34203019,189
28071549,122
94694093,122
28121893,339
79706377,797
39004239,1101
39197849,915
13889005,597
45841613,42
86837972,647
11735809,969
82288624,974
32509847,914
49353099,1050
27635087,377
77285560,480
03510810,539
88496146,1061
42175438,457
54780569,961
68232184,1078
45573934,391
45385254,93
55603522,614
25469509,18
36073191,1036
24014472,370
45909429,684
73766254,195
15917812,412
47493957,852
99254049,883
90619557,854
85081437,593
00514606,1025
47174177,4
55424288,757
83230851,453
95509020,866
17260343,14
88860213,890
18739527,495
80778356,821
93008709,678
96366615,628
47447394,924
33486239,33
14198755,688
15547583,733
50283552,1142
13889005,264
15479303,5
33486239,117
62892469,1005
65109175,241
59589969,904
21140136,749
91474148,244
72478486,813
06087425,1009
95509020,637
77034656,369
35561859,171
28071549,944
31960915,241
01905526,227
77648433,1023
36566129,921
24808583,217
99661113,278
15896018,141
03290101,905
51354091,1115
64061849,780
73760900,307
42175438,923
31204033,1058
91474148,1129
39004239,551
60647740,208
40160061,400
90619557,39
66373407,338
28044840,557
48645607,936
77787514,203
60328854,1197
37492335,239
72575277,477
69962318,956
57716374,1076
48862226,236
98469864,245
55462495,117
06626280,119
49353099,985
80632207,728
49353099,1126
61289987,492
30488632,535
43728039,435
72698341,397
59244974,664
32176711,34
00860383,1064
20953676,817
09777125,887
13279103,829
04104919,536
32065145,104
67583959,347
17121194,933
80108436,440
44515287,164
36827701,389
38791093,927
29179534,503
90228247,519
49118544,387
66354093,962
81875825,114
76825705,1013
40166902,918
46156419,293
50423972,923
79376716,712
52638022,961
39407979,843
78467934,1064
16755703,1167
35083757,4
54621572,301
47951662,41
80232896,540
44028770,670
64726069,1095
84754660,775
99862404,960
00663182,156
53873002,536
37785857,449
56224573,576
70172621,655
11830993,52
14368011,819
02523231,412
44515287,730
99890421,119
06626280,152
66722731,359
42212508,10
74474356,429
89716540,772
26990675,918
23488786,368
22129901,558
15285317,505
64479132,1182
48442695,880
68037062,35
79099240,792
28842149,452
51705718,760
79905237,1081
88496146,1181
64205038,919
36239184,791
93851343,238
50725670,357
23946569,1194
49353099,756
35962410,167
06087425,1154
69161087,1188
47951662,1032
23239456,128
44445577,933
43728039,606
19361109,921
64261874,870
83868115,207
84496041,523
36934065,726
04877448,755
29608102,553
69517938,820
83448799,978
71307312,933
57087788,531
65323267,1014
21173073,640
41497678,290
42600534,1069
03006214,612
64633060,480
16452374,1151
59276876,936
13406738,243
69765636,746
08405913,130
13307837,351
78304437,337
14435287,201
75086589,339
11710417,25
95370293,431
59932857,646
98734825,924
06642723,616
70268744,154
20903572,848
15896018,187
75471798,779
53127174,1082
44642105,964
37239800,1154
57087788,245
58531501,233
53434678,478
36252299,733
78105904,1026
02773759,410
85221895,23
31102223,625
13556150,595
87847239,490
68037062,1179
87386301,346
10007938,554
41973097,615
60932181,762
45238055,967
47131750,1094
32132236,569
52638022,553
64938448,720
11715344,881
24820707,332
71253947,475
87386301,524
42145936,454
11415763,1111
35868255,86
02439068,997
42716211,100
03348970,276
47144224,440
34412527,1174
98705436,340
25946154,506
20103774,1196
63612684,459
51711511,353
87890365,282
48442695,911
55426831,768
03220641,1132
77610355,824
13038113,763
78304437,1059
20175672,94
50725670,179
67205356,325
20953676,655
14327711,684
44445577,1142
22910486,602
38189753,1132
08991126,628
19636801,1029
16471993,641
59190684,1177
83016127,969
48862226,392
51354091,858
46805201,708
61526082,454
23172364,79
43258932,1009
21167720,642
37492335,722
40110332,943
27246801,1066
08341174,158
85212022,628
78467934,526
39197849,710
46939531,438
40833026,744
16452374,1166
21404412,642
71210421,977
85841314,857
85043671,905
61257177,344
31389853,981
89121610,291
01766905,916
90353901,511
58531501,761
73600930,446
11830993,762
67925360,367
85221895,405
27635087,803
52527227,448
36059928,787
25769258,462
07497209,135
30078956,865
94326840,684
11129127,349
52443411,503
21140136,943
40110332,145
70172621,1173
17260343,785
00601498,7
64600147,43
82716455,392
40249544,594
70406641,365
88496146,884
46986221,1022
64633060,206
01766905,712
56397932,1125
73779728,986
79376716,436
13889005,1150
23488786,209
36691913,648
00860383,806
90619557,533
48946629,1108
51395605,803
76754562,248
96642474,437
99890421,619
86651172,807
82541668,1122
82134181,102
72779545,40
17244800,1056
21173073,877
47131750,1185
02619576,229
64600147,222
59190684,247
25553055,215
94694093,362
19361109,577
34160442,629
09823709,300
53536808,557
64865034,73
51705718,902
68480400,681
49281026,663
37785857,667
24110235,677
12550999,856
78592582,1121
23440616,143
96534205,897
80232896,1056
32382068,1182
44642105,588
04510604,1180
12518258,434
41973097,196
70803037,1139
37871185,342
85369962,492
44206635,701
17291118,319
32753554,286
08136107,289
68778279,306
54127067,1025
11830993,754
36691913,1163
64726069,867
33486239,996
43555475,215
83233661,490
85538610,617
28306283,639
82307233,582
20103774,659
98734825,312
36059928,56
08688149,904
59086338,465
96949153,639
25553055,210
98172023,644
65109175,1181
76359507,466
88213767,843
82541668,491
14327711,51
03136201,516
97780274,1159
63978445,1062
47469723,1046
00860383,71
60538451,415
84327093,907
06282219,657
25824216,15
94976960,1057
14198755,300
74561162,237
46924902,143
30942578,445
64205038,881
80278108,390
29742837,559
01089882,995
59086338,493
98469864,249
96187777,219
41444009,225
64600147,612
03755341,235
40833026,953
38102103,318
53873002,1046
72855126,46
25824216,1184
70406641,419
30833357,260
30833357,44
46805201,754
51693619,798
08341174,402
21404412,132
79099240,524
23441040,698
72855126,780
77474469,789
69765636,361
15896018,958
79216258,784
44445577,546
00860383,463
58243534,733
36225309,971
80232896,631
57423678,84
31102223,1135
53413352,640
70424713,183
24820707,1074
56295061,939
51532468,804
69178771,134
84754660,357
38102103,532
98647514,78
35962410,823
03435304,443
83261091,183
42463948,1130
54181236,857
81525751,101
54956940,79
93437257,13
34203019,781
41943892,400
79905237,664
25420241,832
38377860,1030
48497107,1053
34605370,250
65774236,886
53826800,318
49281026,700
06087425,700
76025679,685
25420241,457
28044840,1016
47469723,45
59589969,19
89547250,693
11415763,433
94876826,789
48862226,242
29742837,631
35656388,657
48946629,1136
51705718,307
52289309,160
65415924,1121
01499155,796
11830993,756
55827003,706
81034642,486
94876826,66
64061849,363
21144202,1180
19237046,879
15917812,245
33486239,105
57614908,538
48946629,729
04877448,1052
88578262,431
75110079,986
95490755,964
15762054,186
32150926,1034
68948191,626
04324706,558
77648433,346
23526563,1060
12723850,294
13307837,862
05820597,1129
31171229,97
89716540,686
40160061,1152
10012345,42
55913195,1025
82541668,1119
99948634,37
71713700,967
40249544,238
35561859,397
01331516,410
97531906,294
51711511,772
21566134,391
36934065,1018
81875825,921
72746363,345
85081437,167
83261091,462
48952606,385
78324312,894
82288624,532
16490222,938
63707304,898
13307837,880
24355629,694
69086519,279
68704001,806
70424713,766
48474849,849
03443040,1081
35593768,764
79055352,867
42607830,445
20903572,733
21329982,161
83772115,61
64479132,475
24542081,21
40110332,806
32916645,92
76843846,569
03755341,1009
33380025,981
22910486,1132
24233040,938
80108436,557
23488786,172
43728039,175
98469864,1105
03443040,49
70584035,617
15955944,205
89121610,274
52110887,924
99141660,648
36225309,1057
85474451,908
35492771,89
15479303,376
94876826,791
50011490,756
82363222,809
54621572,865
28306283,351
39345271,582
42145936,40
84096524,53
24014472,976
28929345,138
16352797,270
47655980,599
33605296,388
03942956,380
59660156,1156
73779728,592
63503753,612
03755341,422
90619557,332
47469723,828
69765636,1048
83448799,618
78672024,961
67775484,1012
91555458,155
65415924,572
06282219,1039
58743294,892
65415924,341
33330327,303
02523231,711
17291118,857
36065653,597
44535193,281
65415924,431
40872926,1029
89121610,328
81504725,564
07899348,221
25769258,1092
30007420,193
84328748,1190
54621572,657
24110235,1066
98705436,1109
61496156,399
15285317,1166
03210888,697
43728039,358
82363222,386
26613307,485
02088723,1085
27381267,1065
15917812,1163
