6,Кириллова,Екатерина,Павловна,1976-06-15,ж,32,+7 231 569 2254,ifedoseeva@npo.info,50000
31,Евдокимов,Викторин,Демьянович,1944-07-11,м,33,8 692 151 0324,muhingavrila@oao.org,60000
58,Кузнецов,Флорентин,Артёмович,1941-07-23,м,12,+7 (217) 643-80-20,aksenovernst@anisimov.biz,30000
21,Крюкова,Оксана,Евгеньевна,1981-12-26,ж,15,8 293 607 61 03,svorobeva@rambler.ru,50000
36,Захарова,Лора,Леоновна,1964-06-08,ж,39,8 (914) 963-3884,zhanna2007@rambler.ru,10000
88,Петухова,Галина,Филипповна,1950-09-07,ж,4,+7 (371) 260-7172,vatslav_2004@snezhnaja.biz,70000
34,Савельева,Агата,Ефимовна,1967-02-05,ж,31,8 188 412 85 13,stojan10@yahoo.com,50000
20,Петрова,Ульяна,Ждановна,1989-02-27,ж,1,+7 (017) 759-26-82,marianegorov@rambler.ru,20000
22,Щукина,Ирина,Ниловна,1960-05-27,ж,34,+7 623 904 9347,andronikterentev@rambler.ru,10000
57,Афанасьев,Поликарп,Филимонович,1978-06-18,м,7,+7 (335) 799-6748,timofeevserge@mail.ru,45000
87,Исаева,Фаина,Захаровна,1963-06-14,ж,25,+7 (937) 939-2037,hohlovamos@yandex.ru,60000
85,Силина,Елизавета,Никифоровна,1957-10-10,ж,28,+7 014 281 2427,osipovaalla@ovchinnikova.org,50000
47,Романов,Всемил,Ефимьевич,1997-11-02,м,30,8 892 628 91 41,uivanov@zao.biz,45000
44,Гущин,Георгий,Владиленович,1976-02-12,м,0,8 (627) 849-92-82,tsvetkovterenti@oao.edu,20000
84,Трофимова,Клавдия,Георгиевна,1951-04-03,ж,30,88164550976,amvrosi33@gmail.com,35000
92,Панфилов,Феоктист,Федотович,1965-05-07,м,34,+7 217 687 74 88,lukamatveev@gmail.com,75000
80,Миронова,Евпраксия,Харитоновна,1973-06-05,ж,33,+7 107 592 06 29,voronovvaleri@yahoo.com,30000
18,Якушева,Клавдия,Егоровна,1941-12-13,ж,4,8 (375) 767-0272,modestsamolov@efremova.org,35000
61,Соловьева,Лариса,Ниловна,1972-09-15,ж,0,+7 (349) 262-1324,sobolevratibor@hotmail.com,40000
11,Алексеев,Никон,Владленович,1955-08-17,м,27,+7 672 664 36 50,lukija_69@rao.org,25000
16,Абрамов,Пимен,Тарасович,1990-12-25,м,13,8 (570) 202-67-16,platon2009@rambler.ru,20000
71,Вишняков,Тихон,Артёмович,1971-10-02,м,24,+79509075328,vdorofeev@hotmail.com,45000
23,Колесникова,Фёкла,Романовна,1971-05-22,ж,38,8 447 069 8492,gorde2002@yahoo.com,65000
94,Селиверстов,Роман,Терентьевич,1991-11-25,м,39,+7 (182) 107-0600,lobanovanatoli@rambler.ru,75000
40,Емельянов,Эраст,Яковлевич,1956-06-29,м,10,8 665 615 3528,seliverst18@hotmail.com,75000
82,Зайцев,Ефим,Игнатович,1948-04-07,м,34,8 086 104 7250,shashkovljubim@gmail.com,50000
50,Терентьева,Ангелина,Валериевна,1981-06-14,ж,21,+7 362 139 0677,firs47@gmail.com,10000
78,Шестакова,Александра,Болеславовна,1967-09-06,ж,46,8 831 918 8217,shilovaanzhela@ershova.com,55000
99,Сергеев,Валерьян,Феодосьевич,1959-06-12,м,48,+7 586 635 3765,iosif_90@oao.ru,25000
51,Журавлев,Фока,Эдгардович,1950-11-25,м,30,+7 (071) 835-0646,faina87@yandex.ru,30000
63,Степанова,Кира,Петровна,1954-11-11,ж,44,+7 213 941 63 32,raisa_1988@ao.com,60000
42,Гордеева,Надежда,Юльевна,1968-05-25,ж,3,+7 544 375 29 51,elise1992@rambler.ru,75000
17,Фролов,Боян,Зиновьевич,1971-04-25,м,21,82001307368,evstafianisimov@ooo.edu,30000
69,Игнатов,Никандр,Валерьянович,1983-06-08,м,29,8 202 783 11 56,dorofeevigor@yandex.ru,45000
89,Ершова,Оксана,Захаровна,1990-04-11,ж,10,+7 (746) 072-9815,krilovaljubov@ooo.edu,20000
93,Прохорова,Лариса,Афанасьевна,1948-03-27,ж,39,+7 (959) 982-9538,konovalovaverjan@td.com,50000
12,Калинина,Людмила,Юрьевна,1987-06-06,ж,7,+7 143 360 4530,lavr_1995@yandex.ru,50000
64,Комаров,Егор,Ермилович,1961-03-15,м,10,+7 (124) 900-7358,nikifor75@rao.org,20000
73,Колесникова,Дарья,Георгиевна,1978-02-01,ж,17,+7 (971) 812-09-45,kalininavalerija@liga.net,70000
75,Крюков,Ферапонт,Демидович,1946-05-22,м,12,8 (315) 396-15-16,bespalovpetr@fedoseeva.org,65000
62,Рябова,Ирина,Леоновна,1948-12-06,ж,47,8 680 513 39 99,potapovmir@gmail.com,45000
65,Быкова,Наина,Кирилловна,1961-07-29,ж,2,+7 (798) 271-7046,vladimirovazinaida@npo.edu,35000
35,Белякова,Наталья,Дмитриевна,1961-10-04,ж,36,+7 (583) 341-96-88,maksimiljan_1986@oao.biz,55000
53,Зуева,Лариса,Борисовна,1971-03-06,ж,24,8 (649) 023-0755,ksenija46@gmail.com,30000
39,Фомина,Варвара,Ефимовна,1984-04-18,ж,17,+7 488 598 7920,ykalashnikova@gmail.com,25000
1,Козлова,Екатерина,Афанасьевна,1949-03-16,ж,8,+7 979 135 52 36,onufri_23@yahoo.com,70000
4,Баранова,Виктория,Владимировна,1975-10-12,ж,7,8 228 307 9288,simonovjaroslav@fadeev.edu,65000
79,Комиссарова,Фаина,Кирилловна,1982-10-21,ж,44,8 (777) 317-11-36,gushchinelizar@yahoo.com,35000
24,Баранова,Майя,Михайловна,1945-12-24,ж,31,80485602886,maksimfomichev@hotmail.com,10000
27,Рябова,Регина,Игоревна,1963-06-11,ж,7,8 (666) 677-04-49,nikolaevisa@npo.org,40000
5,Евдокимова,Елена,Кузьминична,1985-12-02,ж,6,82665722803,pestovvelimir@yahoo.com,65000
14,Андреев,Бронислав,Борисович,1988-02-06,м,13,+7 598 788 75 03,oefimov@hotmail.com,15000
72,Ермакова,Ульяна,Александровна,1983-05-11,ж,31,+74172608811,sidorovzosima@npo.net,35000
43,Терентьева,Ирина,Егоровна,1940-04-15,ж,4,8 (086) 374-8425,rodion35@yandex.ru,60000
13,Денисова,Марфа,Эльдаровна,1964-08-03,ж,19,+7 (979) 473-88-26,ivanna_1985@frolov.biz,65000
30,Новикова,Алина,Ильинична,1963-02-20,ж,8,82015057084,vissarion_1992@zao.info,65000
66,Попова,Ия,Матвеевна,1975-04-07,ж,46,8 (778) 423-9004,aksenovlavr@rambler.ru,70000
100,Дроздова,Лукия,Романовна,1982-04-05,ж,10,8 (737) 826-21-88,vinogradovradovan@kronoshpan.org,70000
10,Ковалев,Климент,Демидович,1977-01-23,м,40,+7 746 707 2333,nekrasovavasilisa@zueva.ru,70000
52,Красильников,Леонтий,Григорьевич,1977-03-06,м,25,+7 (347) 935-9739,terenti_21@zao.edu,20000
56,Волков,Дементий,Бенедиктович,1992-07-10,м,40,8 (495) 002-87-51,dementevmitofan@ip.biz,75000
28,Данилова,Татьяна,Николаевна,1973-11-17,ж,13,+71025908379,nekrasovafaina@semenov.org,10000
96,Куликов,Агафон,Фролович,1956-02-12,м,0,8 744 181 24 29,dburov@rao.org,10000
98,Некрасова,Фаина,Робертовна,1953-06-02,ж,1,8 (914) 007-9095,davidzaharov@gmail.com,70000
70,Никонов,Аким,Феодосьевич,1944-07-23,м,27,+7 671 086 98 86,zinaida_37@ribakova.org,35000
95,Бурова,Елизавета,Харитоновна,1976-08-16,ж,43,8 092 117 79 26,dobromisl1984@yahoo.com,70000
2,Цветкова,Александра,Ильинична,1992-11-08,ж,3,+7 872 080 0761,enosova@yahoo.com,50000
54,Михеева,Юлия,Аскольдовна,1999-08-24,ж,40,8 (414) 759-32-63,ratibor22@hotmail.com,10000
67,Колобова,Элеонора,Владиславовна,1974-06-15,ж,6,+7 210 826 10 02,ribakovfilipp@ooo.org,60000
49,Дроздов,Аникита,Артёмович,1970-07-14,м,45,+7 (980) 562-8763,vatslav_64@rao.com,30000
59,Комарова,Ульяна,Валериевна,1985-12-20,ж,35,+7 (070) 819-78-69,bobilevprohor@yandex.ru,25000
32,Николаев,Никита,Яковлевич,1946-03-03,м,7,+7 (778) 617-1794,sofon_1984@kulikova.edu,10000
29,Мартынова,Ия,Владиславовна,1990-10-28,ж,39,8 (650) 087-31-35,agafonovaljudmila@mail.ru,75000
76,Маслов,Устин,Георгиевич,1958-03-22,м,15,8 824 364 3136,strelkovpimen@rambler.ru,70000
60,Горшкова,Александра,Альбертовна,1996-11-25,ж,0,8 179 886 04 05,anatoli_1990@mail.ru,60000
81,Никонова,Нонна,Геннадьевна,1968-11-15,ж,45,8 (931) 859-48-97,luchezar_26@hotmail.com,15000
46,Ильин,Тимофей,Григорьевич,1997-11-13,м,20,+7 271 854 8599,ershovaekaterina@zao.net,45000
97,Крюков,Гостомысл,Антонович,1967-11-23,м,41,+7 (710) 780-4447,osipovbojan@npo.edu,60000
86,Гордеева,Татьяна,Федоровна,1976-06-15,ж,31,+7 (724) 166-04-58,lazarevboris@gmail.com,40000
45,Фомичева,Прасковья,Вениаминовна,1944-04-15,ж,29,+7 307 455 9351,abramovmilan@mail.ru,45000
3,Денисов,Селиван,Измаилович,1996-08-25,м,44,+7 315 665 30 39,egorovpankrati@ashan.com,25000
15,Кондратьева,Наталья,Анатольевна,1961-08-03,ж,39,+7 (442) 352-20-26,nikanorkondratev@torgovaja.net,25000
68,Архипов,Евгений,Арсеньевич,1951-11-03,м,8,8 945 117 09 39,guvarov@npo.ru,25000
8,Мартынов,Мартын,Терентьевич,1940-02-17,м,11,8 731 004 8218,ovchinnikovanaina@rao.net,25000
19,Устинова,Людмила,Сергеевна,1966-01-21,ж,32,8 (058) 868-33-41,ipat_1972@yandex.ru,40000
90,Зыкова,Агафья,Львовна,1989-09-26,ж,37,+7 397 344 1769,andronik_2011@zao.com,25000
33,Горбунов,Конон,Власович,1964-07-17,м,40,8 691 336 8757,aleksandrovklavdi@yandex.ru,25000
25,Калашникова,Лариса,Анатольевна,1977-11-29,ж,12,+7 (658) 727-85-26,venediktaleksandrov@ip.edu,50000
38,Куликова,Майя,Олеговна,1939-10-17,ж,30,8 133 927 3988,gorde1982@oao.ru,25000
41,Чернова,Пелагея,Ильинична,1993-09-09,ж,18,+7 877 952 8445,fortunat1986@npo.biz,35000
26,Шилова,Лукия,Ивановна,1956-11-09,ж,22,8 (507) 720-21-00,efremovavalentina@gmail.com,40000
74,Кабанова,Фёкла,Сергеевна,1971-09-25,ж,39,8 434 327 16 43,arhip1973@gmail.com,60000
9,Русакова,Таисия,Ждановна,1967-04-28,ж,40,82342598306,braginegor@rambler.ru,40000
37,Дьячкова,Любовь,Харитоновна,1972-05-31,ж,45,+7 (125) 375-3616,emil86@mail.ru,75000
55,Антонова,Варвара,Юльевна,1969-09-10,ж,28,+7 337 149 75 88,karp_1972@gmail.com,20000
48,Костин,Сергей,Эдгардович,1979-05-02,м,45,87486184178,mechislav_1987@rao.biz,65000
7,Родионова,Агафья,Тимофеевна,1942-09-29,ж,30,8 (395) 759-8282,dzhukov@gmail.com,30000
77,Филатова,Надежда,Антоновна,1996-09-13,ж,47,+74661636634,agap1976@gmail.com,10000
83,Моисеева,Любовь,Вячеславовна,1954-11-23,ж,6,+7 662 128 6806,fokinasofija@hotmail.com,40000
91,Шестаков,Софрон,Витальевич,1977-12-14,м,1,+7 (852) 672-43-66,milan2009@yahoo.com,55000
