326, 35
5822, 34
2758, 34
6720, 61
2695, 60
2386, 59
7025, 27
273, 6
1939, 45
3219, 33
6165, 24
1074, 23
4403, 64
2212, 17
6851, 1
1795, 53
367, 51
297, 28
6262, 60
4383, 45
1720, 58
1396, 25
665, 8
2345, 6
1880, 62
3365, 65
530, 62
4120, 12
1271, 52
2422, 42
4135, 26
1358, 13
301, 11
7920, 43
4365, 33
348, 23
2533, 69
4596, 22
4059, 21
2725, 2
3661, 28
3534, 52
1312, 50
7134, 44
1424, 50
2217, 39
2678, 20
2976, 55
267, 38
642, 28
2192, 54
2712, 15
556, 19
465, 44
6641, 51
801, 52
4023, 53
2917, 41
1430, 13
729, 20
616, 11
255, 60
1586, 48
1538, 2
4242, 56
1815, 13
1189, 57
1442, 38
2415, 14
1122, 14
2893, 46
2502, 67
2549, 26
1158, 44
349, 26
273, 69
1970, 40
1008, 67
1252, 53
848, 21
1735, 68
6297, 11
2104, 53
380, 15
2056, 64
3772, 68
2499, 59
2389, 31
2361, 36
2200, 3
635, 24
401, 28
1617, 55
205, 49
1425, 57
724, 36
873, 1
143, 55
4089, 16
1331, 59
