норка,73,8,2400,72,67247912
перепел,75,8,6000,8,33380025
перепел,45,7,6300,63,59660156
волк,6,5,4500,69,17526425
перепел,21,2,1500,20,12583379
чирки,96,2,600,67,43983247
куропатка,97,7,4200,12,74758791
лиса,7,8,2400,68,00103237
рябчик,22,7,4200,84,85221895
куропатка,54,1,450,1,81068616
гусь,36,4,2400,7,67125357
волк,94,3,1800,79,55426831
косуля,53,2,600,4,15762054
куница,24,3,2700,60,59190684
чирки,49,8,6000,55,23270923
заяц-беляк,50,1,450,2,49712780
рябчик,27,6,3600,92,78545465
перепел,45,5,3000,88,60538451
выдра,74,7,2100,95,27635087
лиса,85,7,6300,72,53127174
перепел,3,2,600,89,99890421
бекас,1,1,300,95,24820707
перепел,19,2,1800,83,95828138
утка,55,8,4800,80,57547343
утка,71,2,1500,63,64261874
норка,85,9,2700,4,72456903
норка,95,5,2250,59,86406468
кряква,96,9,6750,70,24014472
перепел,57,4,2400,66,86837972
бобёр,25,2,600,19,04826637
чирки,63,5,4500,10,74214792
куропатка,57,7,5250,15,80108436
чирки,64,3,1350,97,92024977
гусь,7,5,1500,31,71310718
куница,48,2,600,38,62380065
лось,81,3,2700,93,80491897
гусь,96,3,1800,61,71603889
норка,8,3,1350,47,51499709
косуля,7,7,5250,11,63134674
кряква,41,1,450,68,63134674
куропатка,84,1,750,7,28315674
куропатка,7,4,1200,50,78225183
ондатра,7,5,3000,69,28842149
барсук,58,4,3000,5,11715344
вальдшнеп,28,1,300,75,76754562
волк,53,3,2700,36,76359507
куница,64,9,6750,17,68778279
волк,51,8,6000,58,88713519
куница,58,6,2700,79,55424288
чернеть,16,6,4500,77,07376900
лось,11,4,3600,49,39551337
кабан,28,4,1200,40,60494177
тетерев,66,3,1350,93,88578262
бобёр,21,5,4500,35,32150926
медведь,88,5,3750,35,39350732
гусь,89,4,1200,16,50678327
чирки,38,5,4500,26,67823147
выдра,45,5,4500,95,25553055
вальдшнеп,61,8,4800,5,30942578
куница,5,4,3000,70,67775484
выдра,42,6,5400,48,67583959
перепел,64,2,600,25,72456903
медведь,33,7,5250,54,39004239
кряква,49,9,8100,42,78545465
гусь,12,4,2400,3,42212508
рябчик,2,3,900,8,24110235
кабан,2,8,2400,63,51514570
лиса,81,7,6300,41,30833357
заяц-беляк,43,9,4050,53,25688238
заяц-русак,70,9,4050,94,69878480
олень,71,4,1200,38,76843846
бобёр,89,3,1350,76,15896018
косуля,47,6,1800,74,48474849
вальдшнеп,63,4,2400,47,22801104
заяц-русак,8,2,900,22,08112392
чирки,89,3,1800,64,58799260
заяц-русак,23,8,2400,83,73972136
рябчик,59,4,1200,41,42175438
перепел,79,7,3150,62,13629427
бекас,60,3,1350,67,58743294
глухарь,8,4,3000,32,70406641
норка,92,9,4050,67,70268744
перепел,66,9,5400,91,01150636
бекас,28,2,1200,47,12692590
кряква,47,9,4050,19,93851343
выдра,18,2,1800,69,09777545
чирки,72,8,6000,25,11830993
гусь,82,3,1350,76,47467521
куропатка,92,7,2100,66,98469864
выдра,6,4,2400,96,03342695
утка,97,5,3000,80,90077500
гусь,57,8,7200,79,60494177
норка,72,7,5250,56,87733426
тетерев,63,8,6000,66,63209471
волк,88,8,2400,89,83016127
ондатра,2,8,4800,17,16281424
чернеть,60,6,2700,47,45238055
хорёк,74,7,6300,82,43258932
медведь,15,7,3150,55,78672024
косуля,73,4,2400,62,55853200
бекас,38,2,600,79,89737934
бобёр,48,5,2250,32,56295061
норка,4,6,3600,32,72738092
медведь,37,4,1800,41,31204033
бобёр,50,2,1200,81,86651172
бобёр,58,9,8100,19,83261091
глухарь,87,7,3150,3,54127067
перепел,39,4,1800,66,96469088
волк,57,3,1800,13,23106017
бобёр,83,2,1800,17,93008709
бекас,9,3,1800,16,40110332
ондатра,84,8,3600,82,86254427
лось,19,1,600,72,63134674
бобёр,24,4,2400,83,21074837
хорёк,44,3,2700,16,43828456
заяц-русак,85,9,5400,68,90353901
волк,62,9,5400,59,01331516
куропатка,40,3,2700,53,97531906
барсук,55,1,600,66,99638030
бекас,83,8,3600,4,92054004
волк,96,6,4500,93,66735205
лось,66,3,1800,5,83265013
кабан,68,7,5250,37,38189753
тетерев,66,4,3000,79,99890421
чирки,13,9,8100,27,98940851
бекас,85,8,3600,6,62892469
барсук,73,2,600,42,81875825
перепел,26,2,1500,19,34160442
бекас,53,3,1800,62,49804492
медведь,16,7,2100,56,47144224
рябчик,36,3,2250,58,13279103
косуля,88,2,600,96,88719788
чирки,30,2,1800,68,21144202
перепел,38,2,1800,10,63612684
перепел,28,5,4500,71,08341174
медведь,62,1,600,29,41771037
гусь,18,8,2400,91,10306994
бекас,58,4,3000,70,35262183
утка,89,6,3600,62,35532637
кабан,1,4,1200,13,67125357
кабан,96,4,1800,20,49281026
бобёр,7,5,2250,44,28071549
куропатка,16,2,1500,67,07496639
кряква,13,2,900,55,08341174
бекас,52,6,5400,22,98721023
норка,55,4,1200,77,32176711
заяц-беляк,68,3,1800,89,38955150
рябчик,48,7,6300,9,96366615
куница,96,6,1800,95,39829092
чирки,15,3,2700,2,40866697
утка,88,6,3600,32,20556969
тетерев,1,5,4500,35,62962032
куропатка,98,8,4800,98,13705770
перепел,79,6,5400,63,71210421
перепел,61,2,1500,35,82134181
барсук,44,1,900,23,60735935
лиса,47,7,2100,96,11715344
гусь,69,4,1200,29,60651129
косуля,47,3,1800,74,96177815
бекас,78,7,5250,21,10306994
куропатка,4,2,900,12,18297362
перепел,31,4,2400,35,70208795
лиса,51,1,450,40,69765636
гусь,12,9,6750,47,84619761
заяц-беляк,77,9,5400,70,60799180
барсук,62,8,4800,2,40914145
заяц-беляк,56,4,2400,47,70007084
бекас,1,5,2250,58,54780569
хорёк,62,6,4500,14,48497107
глухарь,25,9,4050,41,42135678
тетерев,6,1,900,46,64938448
кряква,57,3,2700,18,70268744
бобёр,7,6,5400,82,57760490
рябчик,83,7,3150,64,39698728
ондатра,51,7,2100,40,72474006
хорёк,13,9,4050,56,80278108
перепел,86,9,8100,27,86406468
рябчик,86,8,4800,3,80809951
куница,63,9,2700,42,71307312
тетерев,61,4,3000,68,00601498
чернеть,4,1,900,5,97888291
лиса,87,9,6750,79,20103774
куропатка,47,7,2100,44,10054239
кряква,60,6,1800,44,44445577
бобёр,90,6,4500,99,16755703
хорёк,83,3,2250,68,99588267
волк,61,2,900,30,66722731
кряква,95,1,750,59,78225183
заяц-русак,5,9,8100,32,28674375
бобёр,69,9,5400,86,48457927
кабан,68,4,2400,24,53746832
лось,89,7,2100,11,74481569
выдра,99,6,4500,28,37865214
норка,14,8,7200,57,06253066
кряква,99,4,3000,13,58762639
чирки,85,2,900,97,60095596
волк,36,5,2250,98,39197849
бекас,16,3,1350,66,71253947
куница,72,1,450,98,49281026
выдра,31,6,4500,50,32509847
перепел,69,4,2400,11,52443411
вальдшнеп,14,5,1500,28,38274206
рябчик,32,6,4500,51,04826637
перепел,38,1,900,48,70406641
олень,11,1,750,12,63503753
чирки,11,6,4500,67,28076018
волк,77,5,1500,35,64938448
глухарь,77,8,3600,47,62743457
выдра,62,9,4050,47,79905237
кряква,22,9,8100,87,20556969
лиса,63,3,1350,95,36296439
волк,15,6,2700,98,11442752
вальдшнеп,5,1,300,22,12204236
лось,43,5,1500,51,31824231
чирки,91,2,900,77,75471798
бекас,43,9,5400,79,92425064
куропатка,80,9,8100,76,86570138
куропатка,37,4,3000,3,50283552
норка,19,9,4050,45,79706377
хорёк,38,5,4500,63,15955944
рябчик,31,3,2250,13,86451406
заяц-беляк,3,6,1800,42,77285560
барсук,12,6,3600,75,45020926
чирки,71,7,3150,96,27443613
куропатка,50,5,3750,3,31593090
куница,17,5,3750,74,30007420
кряква,8,2,1200,20,79055352
бекас,7,8,6000,42,32136845
бекас,87,6,4500,45,57332581
норка,27,9,5400,22,41088999
глухарь,92,1,750,61,21167720
хорёк,31,3,900,73,35656388
волк,8,7,6300,49,34108093
рябчик,1,4,1800,59,25848779
глухарь,11,5,2250,16,30833357
лиса,86,9,4050,80,74758791
ондатра,75,7,6300,42,58701225
барсук,32,3,2250,9,16561175
медведь,64,3,2250,90,69161087
лиса,81,6,4500,41,92288485
кряква,52,9,8100,18,03441770
глухарь,2,2,1200,22,50330362
куница,56,5,3000,96,85170452
чирки,4,8,3600,55,27775301
лиса,4,6,4500,38,08405913
лиса,14,7,6300,19,57614908
тетерев,90,4,1800,96,44445577
утка,78,5,2250,89,67247912
утка,2,2,1200,28,78672024
вальдшнеп,67,4,1200,93,79055352
рябчик,25,9,4050,14,10566701
перепел,14,4,2400,7,97709640
кряква,81,2,1500,43,73224136
куница,45,4,1800,2,62892469
глухарь,73,8,4800,98,00860383
норка,14,2,900,7,50011490
чернеть,82,8,4800,32,28929345
глухарь,30,8,4800,58,76906800
барсук,53,1,600,98,31960915
заяц-русак,23,7,4200,4,84619761
вальдшнеп,87,4,3000,41,75110079
утка,52,2,600,84,14368011
перепел,82,8,3600,70,45802263
куница,69,7,6300,42,74621255
косуля,97,1,750,99,53413352
куница,29,2,1800,4,81068616
медведь,33,5,4500,34,57378046
ондатра,31,3,2250,70,45802263
чирки,55,6,3600,98,91555458
бобёр,91,8,7200,39,29773947
бекас,1,5,3750,99,32509847
норка,46,4,1200,41,48517638
олень,64,4,1800,50,67187706
куница,68,1,750,20,59589969
заяц-русак,86,4,3600,32,10913376
лось,6,7,5250,71,76359507
медведь,15,6,5400,26,40166902
бекас,43,6,1800,40,87386301
глухарь,76,5,3750,28,42175438
олень,2,5,2250,97,81035519
барсук,47,1,600,24,80278108
косуля,95,8,4800,70,85666863
бобёр,58,2,900,78,56281491
бобёр,42,7,2100,26,96949153
бекас,92,5,3000,97,84328748
лиса,97,5,3750,66,97159056
косуля,79,8,2400,82,81525751
заяц-русак,48,8,2400,96,55853200
чирки,26,6,1800,11,44271404
вальдшнеп,11,4,2400,13,01478518
заяц-русак,90,1,900,65,95370293
олень,63,6,4500,34,01281743
ондатра,33,9,6750,24,20556969
олень,89,3,2700,86,06087425
перепел,56,2,1800,43,25688238
хорёк,69,8,6000,51,06253066
перепел,5,5,3750,58,50239993
заяц-русак,72,6,4500,8,69962318
ондатра,32,6,3600,26,36934065
тетерев,98,1,600,81,48862226
глухарь,58,9,2700,10,47447394
перепел,47,1,600,61,14928925
перепел,1,5,4500,98,71253947
олень,34,5,2250,98,43381609
вальдшнеп,6,8,2400,82,79099240
чирки,3,5,4500,22,91269997
перепел,72,1,300,83,32916645
бекас,56,8,6000,31,60538451
ондатра,44,9,5400,39,94482911
бобёр,51,6,1800,34,73600930
хорёк,25,8,7200,25,88860213
лиса,21,2,1500,52,09777545
утка,7,8,2400,30,71618463
бобёр,84,3,1800,34,09571167
норка,27,6,3600,48,92054004
чернеть,63,8,2400,24,57716374
гусь,26,1,600,49,72738092
тетерев,69,8,6000,20,63763690
олень,94,9,6750,62,55913195
тетерев,50,6,4500,37,94482911
хорёк,93,4,3600,5,25769258
олень,39,6,5400,3,20175672
тетерев,76,4,3600,72,12846566
заяц-русак,66,1,750,25,92215818
куница,12,8,7200,42,51632090
чирки,33,1,300,98,00865906
выдра,33,9,5400,90,46924902
косуля,29,1,300,86,86837972
выдра,9,2,1800,86,46207845
рябчик,16,9,6750,53,99661113
перепел,21,4,2400,12,38680557
заяц-русак,18,6,1800,85,58148280
перепел,72,7,5250,91,70406641
заяц-русак,64,5,3000,24,47655980
куропатка,45,8,2400,94,27063507
барсук,8,6,2700,73,26941325
чирки,67,7,4200,15,78232181
вальдшнеп,1,7,2100,70,55800280
глухарь,76,6,3600,86,54181236
чернеть,28,4,3000,60,22737519
медведь,84,4,2400,9,75127282
тетерев,40,4,3000,40,75471798
лось,57,6,2700,83,57547343
норка,57,3,1800,65,29806713
волк,70,9,8100,80,14344077
олень,23,7,6300,4,86651172
норка,86,4,1200,53,91774668
глухарь,3,2,1200,70,14198755
вальдшнеп,58,5,2250,13,71271477
лось,94,3,900,35,30948969
чирки,28,8,7200,21,98354894
бекас,51,8,7200,62,32065145
куропатка,51,4,1800,31,64762791
кряква,39,8,3600,9,08688149
норка,17,1,450,71,87847239
вальдшнеп,76,1,900,95,08136107
косуля,24,8,4800,35,99874308
медведь,94,2,1500,52,99661113
ондатра,24,8,4800,97,93851343
заяц-русак,17,4,2400,88,16234673
перепел,17,5,3000,29,70584035
бекас,92,1,450,50,75471798
вальдшнеп,67,8,3600,57,10901366
куропатка,88,4,2400,65,77610355
ондатра,11,6,3600,52,55853200
заяц-русак,77,7,4200,52,60670137
перепел,30,2,900,38,98721023
кабан,54,8,6000,99,21140136
вальдшнеп,5,3,1350,1,99862404
медведь,25,9,8100,74,02251288
куница,39,2,1800,98,84963772
бобёр,91,5,1500,89,04636021
косуля,63,7,5250,28,21329982
чернеть,1,5,4500,99,53413352
медведь,63,5,4500,22,55853200
бекас,1,1,450,40,12550999
кряква,88,1,750,67,31784719
норка,71,6,5400,5,25058338
рябчик,87,1,600,39,59244974
глухарь,82,8,7200,23,36691913
чернеть,17,1,300,76,86837972
чернеть,76,8,7200,44,00103237
куница,62,6,2700,40,11228189
олень,83,9,2700,81,83052651
тетерев,19,3,2700,82,06967680
куропатка,34,6,5400,91,23372160
хорёк,8,9,5400,14,95370293
куропатка,80,2,1500,64,40833026
рябчик,66,6,4500,32,35083757
бобёр,97,7,5250,46,03006214
рябчик,62,4,1200,98,59994381
чирки,90,3,900,67,66354093
ондатра,79,1,300,32,12550999
утка,56,9,4050,46,93676175
вальдшнеп,53,1,900,29,09571167
кряква,45,1,900,44,86651172
лось,56,4,1200,64,54956940
заяц-русак,53,1,300,60,36065653
олень,31,7,3150,95,38680557
барсук,87,7,3150,6,11830993
вальдшнеп,71,9,6750,83,52527227
норка,41,5,3000,10,53127174
гусь,53,2,1800,14,92909809
куропатка,43,1,750,41,06626280
рябчик,59,2,1800,91,41497678
выдра,47,6,3600,32,24808583
хорёк,21,2,900,50,70630671
чирки,26,9,4050,22,98609352
олень,45,7,4200,53,97999119
рябчик,70,8,6000,37,42934820
кабан,92,5,3000,13,73680673
хорёк,45,7,5250,53,16598966
барсук,59,8,6000,68,00651417
косуля,61,3,1350,6,42152385
лиса,92,2,1800,56,73766254
перепел,40,3,1800,53,64261874
рябчик,30,8,4800,69,55318228
волк,15,5,4500,96,50725670
перепел,88,1,900,27,36059928
барсук,13,9,2700,78,72657072
куропатка,58,6,4500,62,19055435
вальдшнеп,38,2,1200,40,44206635
заяц-русак,13,7,4200,9,02076256
заяц-беляк,32,3,2700,10,23106017
куница,20,7,3150,95,71897479
норка,86,4,1200,67,75086589
барсук,24,6,4500,6,67823147
тетерев,78,7,2100,27,85841314
перепел,55,4,1200,49,07497209
гусь,26,3,1350,93,38791093
бекас,79,7,2100,8,15762054
волк,61,8,3600,98,82541668
норка,22,9,8100,97,26941325
куропатка,60,3,1800,30,87308761
бобёр,65,2,900,74,55603522
гусь,80,3,2700,6,33330327
куница,24,4,1200,55,06253066
заяц-русак,76,5,3000,70,58743294
выдра,56,4,1800,34,09823709
глухарь,60,6,2700,24,65786239
косуля,21,4,2400,95,25058338
заяц-беляк,47,8,4800,94,73779728
выдра,48,9,6750,42,99141660
ондатра,75,7,5250,51,70009408
перепел,89,7,2100,68,13279103
заяц-беляк,97,9,2700,26,41497678
заяц-русак,44,1,300,74,32065145
гусь,48,7,2100,50,23526563
олень,35,8,4800,84,12550999
тетерев,77,3,2250,63,79216258
хорёк,60,7,3150,32,66373407
гусь,5,4,1200,91,68704001
утка,70,7,6300,1,42175438
медведь,17,4,3600,37,84496041
заяц-русак,45,1,300,33,56397932
тетерев,63,2,1800,16,76359507
заяц-русак,57,7,2100,47,59932857
глухарь,11,8,3600,24,37492335
перепел,59,7,6300,17,27063507
чернеть,70,8,2400,30,78405271
рябчик,83,8,3600,38,47144224
заяц-русак,35,4,3000,7,32132236
чирки,66,9,2700,31,30488632
ондатра,87,4,3000,32,76463259
косуля,19,1,900,71,99141660
медведь,76,7,2100,34,99890421
бобёр,16,4,1200,15,47038288
лиса,23,4,2400,65,15479303
олень,87,3,2700,39,01281743
кабан,39,6,2700,32,23440616
тетерев,15,4,1200,80,73972136
лось,7,5,4500,72,89737934
чернеть,77,7,6300,47,03290101
олень,82,9,4050,52,50011490
куропатка,59,7,3150,73,36691913
выдра,11,4,3000,34,48129114
лось,40,9,8100,14,67888443
вальдшнеп,86,9,4050,43,22801104
рябчик,20,3,2700,50,08688149
выдра,71,9,5400,63,87461169
утка,6,3,1800,79,43828456
барсук,22,4,3600,2,47038288
хорёк,7,3,2250,49,46051509
волк,43,9,6750,49,02351575
хорёк,7,5,4500,42,60494177
выдра,63,3,2250,6,79055352
косуля,98,5,4500,55,49685336
медведь,71,4,1200,5,93008709
косуля,56,4,3600,93,38102103
выдра,26,6,4500,27,87386301
рябчик,96,7,5250,74,14984099
выдра,33,1,750,18,76241130
чернеть,28,8,7200,42,68037062
лиса,97,4,2400,20,71618463
лиса,91,4,3000,28,88115436
заяц-беляк,10,2,1500,66,59086338
глухарь,25,7,6300,6,33605296
заяц-русак,72,2,600,8,00860383
барсук,43,6,5400,82,59105749
норка,18,9,2700,49,95823324
куница,19,6,1800,30,74561162
перепел,15,5,4500,94,81068616
кабан,64,6,1800,5,43643493
куропатка,38,7,5250,61,25848779
перепел,82,3,2700,21,51693619
куропатка,86,3,900,29,80232896
медведь,15,4,1200,37,64938448
барсук,33,4,1200,33,48519038
куница,35,8,3600,60,00860383
олень,96,6,3600,5,16188815
куропатка,41,2,900,44,39197849
чернеть,38,3,1350,96,32753554
перепел,77,9,2700,80,31204033
заяц-беляк,28,1,600,54,93479899
норка,42,9,4050,97,58799260
гусь,55,8,4800,25,86570138
барсук,11,7,5250,57,53536808
перепел,19,3,2250,12,24808583
перепел,43,9,6750,7,42463948
бекас,3,8,2400,7,17504935
глухарь,43,8,7200,10,00651417
заяц-беляк,78,8,6000,16,35593768
перепел,61,4,1200,48,84847218
куница,43,6,3600,61,54780569
заяц-русак,67,7,2100,10,88713519
барсук,30,3,900,36,54621572
куница,59,7,3150,20,65415924
косуля,5,2,1500,18,14435287
вальдшнеп,14,2,1200,90,13705770
хорёк,55,3,1350,13,99661113
барсук,82,2,900,62,43728039
куропатка,86,9,4050,54,56281491
ондатра,65,2,600,1,80232896
перепел,76,6,5400,88,76025679
косуля,91,2,1200,31,00015028
барсук,52,8,4800,85,60799180
перепел,88,8,3600,96,03510810
кряква,66,9,4050,90,52235269
перепел,33,1,600,55,07496639
олень,93,7,3150,27,53873002
кабан,25,8,2400,2,80576020
рябчик,37,7,4200,33,72129876
ондатра,25,4,1200,59,16188815
медведь,6,8,6000,93,81875825
волк,66,4,3600,50,25824216
вальдшнеп,77,9,5400,23,10615584
кабан,62,5,3000,94,11715344
куница,22,3,2250,69,52110887
глухарь,19,1,900,78,69971549
утка,51,5,2250,82,88719788
заяц-русак,2,6,3600,49,88496146
куропатка,22,7,6300,50,15479303
чирки,28,8,2400,46,36059928
гусь,85,2,900,4,15762054
куропатка,63,5,3750,63,08219466
тетерев,62,4,1800,68,85212022
куропатка,38,3,2250,96,86811149
норка,86,3,2250,59,02088723
лось,47,2,900,64,86811149
заяц-беляк,25,7,6300,78,59994381
тетерев,60,2,1500,30,99948634
ондатра,27,6,5400,62,00015028
бобёр,76,9,6750,95,01150636
ондатра,38,8,2400,86,73779728
вальдшнеп,43,4,1200,33,52354205
куропатка,3,3,900,94,08219466
чернеть,65,9,6750,73,54721067
косуля,40,8,7200,4,24233040
хорёк,11,9,4050,49,69503788
тетерев,45,1,300,26,96187777
заяц-русак,39,8,7200,56,30804517
кабан,74,9,2700,87,93090650
хорёк,99,3,2700,42,03290101
чирки,38,7,3150,27,84619761
тетерев,82,5,4500,9,45894657
рябчик,51,9,4050,65,28674375
тетерев,65,6,2700,2,38102103
утка,1,6,1800,55,78120938
чернеть,46,6,4500,36,71746012
заяц-русак,69,1,300,28,35634294
утка,15,1,750,25,26990675
бобёр,30,2,900,49,14435287
вальдшнеп,43,7,2100,63,51742188
куропатка,6,4,2400,6,64726069
кабан,24,1,600,44,71210421
хорёк,96,1,750,46,66486336
чирки,84,5,3750,55,99588267
норка,18,8,3600,76,32509847
выдра,61,7,2100,59,32065145
кряква,86,4,1800,7,78304437
кабан,43,9,8100,10,54127067
чернеть,41,4,3600,92,70007084
перепел,49,8,7200,63,51742188
кряква,64,3,1350,97,78405271
чернеть,78,3,2250,35,36566129
перепел,99,4,3000,10,54956940
кабан,24,7,6300,21,06253066
кабан,30,7,2100,88,29520107
куропатка,74,9,2700,63,03348970
норка,41,9,6750,68,11129127
медведь,85,8,4800,42,70268744
лось,66,2,900,67,78232181
перепел,49,4,1200,96,14928925
рябчик,33,1,750,53,29773947
утка,57,9,8100,94,37865214
лось,57,5,3000,16,47447394
куропатка,1,9,8100,89,69878480
олень,46,6,5400,70,73680673
лиса,99,4,2400,60,11715344
заяц-русак,35,8,6000,66,74000920
чирки,7,4,3600,92,06284480
чирки,42,8,3600,4,35298557
заяц-беляк,85,4,3600,53,13038113
лось,41,7,6300,99,32150926
хорёк,63,2,1500,97,21173073
куропатка,78,8,3600,56,85711242
выдра,91,3,900,54,14368011
перепел,71,3,1350,7,70172621
барсук,48,1,750,83,09823709
бобёр,70,4,1200,59,06282219
волк,20,2,1800,95,96187777
медведь,85,6,3600,19,60149640
лось,15,4,3000,29,57716374
олень,98,3,2250,1,42212508
барсук,82,6,3600,34,30370227
косуля,77,6,4500,99,91774668
чирки,22,7,3150,69,16471993
ондатра,98,9,2700,67,25786439
куропатка,64,5,2250,9,63060744
заяц-русак,79,4,1200,71,03441770
куропатка,87,3,2250,29,23689824
барсук,54,3,2250,73,64205038
чирки,60,8,6000,88,40785486
олень,27,6,3600,95,85474451
тетерев,65,6,4500,99,16755703
кабан,26,2,1200,22,41540657
гусь,78,1,450,47,31960915
гусь,19,4,1800,84,08136107
куропатка,6,2,1500,58,14196799
выдра,93,5,1500,29,86811149
куница,76,3,900,23,70172621
кабан,20,5,2250,1,78461888
куропатка,61,4,2400,56,50283552
заяц-русак,47,3,2700,63,42135678
гусь,77,2,1500,53,78545465
норка,51,1,600,37,76906800
куница,79,3,2250,62,69178771
волк,97,7,6300,25,74603282
кабан,47,5,4500,74,80232896
ондатра,84,4,3600,61,27246801
лось,47,3,1350,7,17244800
бобёр,77,2,1200,41,67247912
олень,61,4,2400,55,63612684
утка,83,4,3600,6,12204236
норка,82,7,2100,45,16281424
глухарь,23,4,1800,37,40023830
заяц-русак,76,6,4500,81,43458660
выдра,85,3,2250,78,89716540
волк,25,5,3750,69,72474006
чернеть,24,8,4800,66,79501354
чирки,56,8,2400,35,84754660
ондатра,58,9,6750,89,38955150
чернеть,16,7,2100,86,14198755
чирки,42,7,2100,47,24586429
лось,29,1,300,63,42463948
заяц-русак,34,8,2400,12,25769258
гусь,66,9,8100,70,27775301
хорёк,33,1,600,31,34160442
заяц-русак,52,1,900,15,81068616
барсук,10,7,4200,32,43375325
норка,71,6,3600,47,14435287
ондатра,59,5,4500,82,99948634
куница,60,2,1500,5,56224573
выдра,42,4,1800,13,00633369
глухарь,76,5,3750,12,74561162
кабан,46,6,4500,2,58065730
медведь,55,6,1800,94,88115436
волк,95,6,5400,3,03220641
куница,73,8,4800,78,39345271
олень,40,5,4500,69,81848416
чернеть,77,3,2250,63,23239456
перепел,56,9,6750,42,44642105
перепел,55,2,1200,10,16755703
бекас,19,6,5400,99,22910486
глухарь,15,4,1200,73,80108436
олень,66,6,5400,89,39197849
норка,28,5,2250,91,32753554
хорёк,54,6,1800,77,82603618
чирки,18,8,6000,77,36529759
лось,13,8,2400,96,90077500
бобёр,72,9,2700,41,50738939
медведь,81,6,2700,67,78120938
медведь,24,2,600,75,38680557
олень,28,1,900,78,87330137
чернеть,92,8,7200,69,47131750
заяц-беляк,97,7,4200,39,88115436
кабан,65,1,600,49,32030365
глухарь,78,3,2250,49,02439068
куропатка,10,8,7200,28,62380065
гусь,46,7,6300,81,76025679
бобёр,49,5,3750,78,94694093
перепел,56,3,900,88,25848779
перепел,74,8,7200,70,51514570
утка,87,2,900,44,98609352
перепел,78,7,2100,68,02439068
куропатка,73,7,4200,26,47104662
кабан,44,1,450,28,99762476
перепел,29,8,7200,81,31824231
бобёр,9,4,1200,47,58387047
рябчик,91,5,3000,96,43828456
чернеть,31,2,1500,58,13961305
волк,87,3,2700,75,01905526
глухарь,1,7,2100,13,50283552
барсук,24,4,1200,16,78324312
заяц-русак,65,8,3600,1,83053160
заяц-беляк,79,3,2700,52,23946569
барсук,15,2,1500,50,63003314
лиса,63,3,1800,13,41010983
ондатра,13,1,450,85,16236769
бекас,61,3,1350,59,71746012
косуля,1,9,6750,88,22129901
куропатка,16,7,4200,77,68778279
олень,18,2,1500,47,11228189
лиса,58,9,2700,75,77335388
тетерев,74,5,3000,37,60149640
кряква,39,1,900,97,74214792
гусь,79,3,900,56,77706942
кабан,61,2,1500,26,71746012
куропатка,21,9,6750,93,20175672
лиса,52,1,750,95,57760490
чернеть,56,6,5400,64,55462495
чернеть,68,1,450,83,72575277
рябчик,36,4,3600,15,14984099
бекас,91,1,750,75,75110079
утка,95,5,4500,63,37871185
перепел,96,5,2250,31,45109690
бобёр,62,7,4200,60,73766254
лось,37,4,1200,85,28121893
бекас,63,4,1800,23,46218148
утка,76,1,600,42,81504725
рябчик,57,3,1800,8,88757636
норка,20,6,5400,95,63134674
заяц-русак,83,8,7200,65,82424206
бобёр,86,4,1200,73,32753554
ондатра,63,9,5400,79,20394080
куропатка,45,3,1800,63,39350732
куропатка,23,2,900,58,61515857
куница,99,2,1800,65,69178771
бекас,1,2,1200,93,74758791
норка,92,7,6300,96,82613143
заяц-беляк,62,8,6000,23,81035519
куница,52,9,6750,95,15261403
перепел,12,3,2700,92,60342935
перепел,57,4,1200,9,58387047
заяц-русак,95,5,3000,40,00601498
медведь,42,7,6300,69,77034656
косуля,33,1,900,49,33330327
чернеть,37,4,3600,37,18739527
куница,48,5,1500,63,31960915
вальдшнеп,98,3,1350,94,64633060
глухарь,78,1,750,6,58743294
рябчик,4,8,7200,98,29179534
барсук,47,4,2400,85,44271404
хорёк,50,6,4500,83,78304437
рябчик,19,9,2700,37,50725670
рябчик,48,6,2700,64,54956940
утка,78,3,1800,58,28071549
чернеть,46,9,6750,63,15547583
кабан,23,8,3600,1,50011490
заяц-беляк,10,4,1800,71,50283552
лось,33,1,300,9,39551337
перепел,73,8,6000,1,05627189
перепел,85,2,1500,46,41444009
кряква,11,2,1800,89,10740057
вальдшнеп,58,1,750,74,85043671
бобёр,25,1,600,53,47792876
выдра,15,7,4200,19,13705770
кабан,60,4,1200,37,61257177
бобёр,90,9,4050,53,03136201
куропатка,27,6,2700,32,26613307
хорёк,68,8,3600,89,94876826
куница,86,4,1200,88,08405913
гусь,4,9,8100,87,06967680
утка,13,8,3600,33,21074837
волк,90,5,4500,52,94490411
косуля,11,5,1500,58,03510810
бобёр,1,5,3000,23,83230851
ондатра,8,1,750,86,96187777
заяц-беляк,6,8,2400,18,21873317
куропатка,23,2,1500,40,45238055
выдра,18,5,2250,33,16352797
хорёк,96,7,6300,83,52808524
вальдшнеп,15,7,4200,69,88472416
лиса,43,5,3000,98,31784719
медведь,11,5,3750,92,78672024
барсук,75,6,3600,26,25688238
гусь,10,3,2700,67,66486336
куница,6,5,4500,19,01755084
чирки,56,5,2250,34,58148280
куница,48,3,1350,82,67125357
заяц-беляк,80,1,750,94,36934065
утка,37,6,3600,12,83265013
кряква,11,1,600,94,17626248
чернеть,71,2,900,93,44642105
перепел,60,6,2700,86,87890365
перепел,69,5,3000,39,37580599
барсук,9,9,4050,35,11735809
гусь,95,8,6000,40,91393715
косуля,82,8,2400,70,14984099
гусь,19,2,900,66,96366615
гусь,74,4,1800,16,92288485
выдра,94,6,1800,29,26990675
заяц-русак,50,8,7200,39,53589989
заяц-русак,38,7,4200,62,16471993
заяц-беляк,63,6,4500,22,64479132
волк,99,6,2700,51,68948191
гусь,44,4,3000,27,61515857
рябчик,40,4,2400,62,91393715
гусь,6,5,1500,76,76906800
утка,48,5,1500,64,57547343
барсук,84,9,2700,43,24355629
заяц-беляк,38,7,5250,63,95370293
куропатка,38,2,1800,22,49804492
глухарь,58,2,600,27,10873212
медведь,80,6,2700,95,44206635
олень,83,1,300,21,32030365
тетерев,18,7,2100,6,08688149
лиса,90,4,1200,12,10615584
куропатка,76,2,600,85,62185400
бобёр,63,9,8100,96,35298557
гусь,68,1,600,49,68232184
глухарь,26,5,2250,56,33486239
медведь,8,9,5400,50,14984099
глухарь,69,1,300,26,24808583
утка,92,7,5250,30,22910486
ондатра,48,7,2100,34,68232184
барсук,33,1,900,73,39698728
медведь,7,8,2400,79,01150636
олень,46,9,2700,26,46156419
чернеть,95,8,2400,87,55800280
рябчик,70,3,2700,19,43258932
куропатка,37,3,900,94,55102810
гусь,23,8,2400,26,03510810
волк,60,3,900,73,13038113
утка,93,7,3150,13,28044840
чернеть,60,1,600,64,85711242
заяц-русак,55,5,1500,99,63113174
барсук,96,8,7200,95,46207845
бекас,40,1,450,12,35532637
бекас,80,7,5250,76,89737934
барсук,45,4,2400,50,25848779
кряква,46,3,2250,78,54721067
перепел,83,7,3150,46,75471798
куропатка,35,3,1350,53,93582346
олень,10,2,1500,68,28929345
кабан,97,2,1500,46,30804517
волк,63,5,3000,81,27063507
перепел,89,8,4800,5,92054004
чирки,61,2,1200,27,78120938
чирки,30,2,900,90,18534344
куропатка,67,9,8100,28,58884072
ондатра,5,2,900,5,71412030
медведь,14,8,6000,81,31102223
перепел,52,6,2700,68,50330362
гусь,59,9,2700,78,71271477
заяц-беляк,95,4,1200,63,80076636
хорёк,9,6,3600,58,32132236
куница,18,7,5250,6,21873317
кряква,69,6,1800,77,20953676
утка,52,9,6750,9,32382068
тетерев,78,1,600,40,84963772
бобёр,71,8,2400,43,01755084
медведь,58,4,3000,77,55800280
барсук,91,7,4200,22,53536808
норка,66,6,1800,7,24631242
чирки,10,8,6000,28,94976960
лиса,67,4,3000,53,24403894
рябчик,44,2,1200,34,21074837
перепел,87,5,3750,38,85538610
перепел,31,7,4200,33,44181550
олень,8,6,5400,80,77648433
кабан,68,9,8100,38,76359507
кряква,15,7,3150,39,21173073
косуля,66,5,3000,69,72456903
куропатка,76,4,2400,36,27635087
тетерев,45,1,750,24,91130952
тетерев,61,7,4200,36,49677508
хорёк,16,5,1500,23,69503788
косуля,12,4,1200,29,24233040
куропатка,11,2,600,39,29179534
кряква,18,7,3150,22,15544087
утка,52,2,1800,29,23239456
кряква,27,2,1200,86,18297362
выдра,12,4,2400,52,76173059
хорёк,88,7,3150,27,05627189
бекас,93,4,1800,95,00103237
бобёр,83,5,1500,82,74426546
медведь,78,8,4800,62,59516088
глухарь,44,4,3000,61,84619761
кряква,84,9,5400,54,78105904
чирки,49,3,1350,25,64222585
бекас,26,3,1800,53,87039306
перепел,44,6,1800,41,64061849
перепел,57,1,750,56,71307312
хорёк,74,6,3600,90,32753554
куница,8,2,1200,78,61257177
лиса,62,7,4200,2,59086338
кряква,67,1,900,98,36691913
куница,72,2,1200,89,46207845
рябчик,73,2,1500,47,86651172
гусь,79,8,3600,73,79099240
барсук,8,5,4500,40,32065145
перепел,17,4,2400,98,26941325
перепел,32,9,5400,86,22581051
куница,84,2,1200,27,27094242
перепел,38,7,6300,42,79099240
куропатка,16,1,750,47,53413352
кряква,65,1,750,94,59456735
гусь,20,6,5400,24,23488786
вальдшнеп,60,4,3000,27,57920085
косуля,21,5,1500,87,56281491
барсук,24,6,4500,34,85170452
вальдшнеп,83,3,2700,5,45841613
волк,92,1,900,78,04364559
перепел,80,5,1500,61,94876826
гусь,48,7,6300,67,55913195
куропатка,23,1,750,60,20029296
куница,2,2,600,1,31102223
перепел,56,7,6300,42,02619576
олень,25,9,8100,83,44083144
кабан,93,9,5400,13,22737519
олень,83,8,6000,89,72746363
олень,52,3,2250,22,63209471
чернеть,55,1,450,14,83448799
чернеть,88,8,3600,25,08505743
олень,88,1,300,24,31171229
косуля,48,9,2700,5,21404412
глухарь,92,2,900,19,52110887
заяц-беляк,23,9,5400,78,54837577
куропатка,44,6,5400,47,35634294
перепел,16,7,2100,84,43458660
тетерев,13,4,1800,46,02619576
бобёр,25,6,4500,82,23440616
куропатка,75,9,8100,50,82134181
утка,77,8,6000,33,81035519
глухарь,90,8,4800,76,61257177
косуля,15,5,1500,60,63612684
ондатра,9,7,6300,82,64937304
тетерев,16,8,4800,79,08341174
утка,94,4,3000,87,63209471
куропатка,64,9,8100,51,39004239
хорёк,19,5,3000,83,46051509
волк,33,9,6750,56,42934820
олень,48,5,1500,90,57716374
кряква,89,4,1800,48,35634294
заяц-беляк,12,8,6000,32,16218581
косуля,18,5,2250,26,60149640
косуля,80,8,6000,67,86811149
бобёр,59,7,2100,5,76359507
норка,29,1,750,87,00046015
гусь,63,2,600,11,45020926
заяц-русак,40,6,4500,45,73680673
перепел,26,4,3000,84,40866697
чирки,30,4,3000,53,48946629
косуля,84,6,3600,10,59516088
лось,44,3,1800,12,82363222
барсук,17,4,3600,46,42175438
косуля,3,9,2700,93,95490755
тетерев,71,9,5400,71,17260343
перепел,23,6,1800,35,24334952
бобёр,59,7,5250,89,42716211
бобёр,84,9,2700,20,34160442
утка,14,1,450,57,52527227
выдра,94,7,5250,92,46207845
медведь,5,1,900,9,82424206
куница,50,5,3750,12,23263734
олень,61,6,1800,3,47469723
лиса,20,1,450,1,38680557
гусь,57,8,7200,31,79376716
кабан,18,8,3600,23,04183846
олень,22,1,300,38,03435304
перепел,94,5,3000,55,31593090
гусь,16,4,3600,93,96552421
барсук,95,4,1800,40,52638022
куропатка,78,8,3600,50,04877448
кабан,95,4,1800,69,70007084
утка,96,4,1200,68,56732979
бекас,28,5,1500,26,28076018
бекас,1,6,3600,17,01331516
куропатка,27,9,2700,65,47131750
куропатка,74,9,4050,13,13279103
чернеть,32,4,3000,94,23239456
лиса,28,3,1800,46,47029255
выдра,81,7,2100,70,28217435
бобёр,4,7,2100,14,55603522
перепел,44,7,3150,47,35532637
заяц-русак,6,8,3600,14,08991126
чернеть,58,3,2250,43,01331516
перепел,59,5,3000,34,61687080
гусь,16,5,1500,37,56295061
медведь,98,3,1800,61,25786439
олень,57,7,4200,7,21074837
вальдшнеп,68,7,5250,22,66373407
рябчик,26,9,6750,33,11442752
кабан,27,3,2250,76,99141660
куропатка,43,9,6750,91,62185400
гусь,16,3,1800,11,85841314
медведь,97,1,600,2,72738092
кряква,9,3,1350,15,15258649
кряква,42,4,2400,28,25786439
куница,76,4,1200,71,23106017
косуля,75,6,2700,79,73394303
кряква,9,3,2700,98,63134674
норка,95,2,600,86,54956940
волк,76,2,1200,24,68778279
волк,42,7,3150,86,35656388
тетерев,46,5,3750,72,92054004
бекас,65,6,2700,30,84963772
перепел,19,6,2700,28,04437871
олень,43,2,600,54,71412030
хорёк,1,6,2700,25,71412030
лось,30,3,1350,74,03220641
заяц-русак,4,5,3000,71,42212508
куница,74,7,6300,92,47104662
тетерев,63,5,3750,90,53501967
заяц-русак,5,6,5400,54,12692590
лось,70,8,7200,20,32038606
медведь,51,6,5400,35,55736091
перепел,66,3,1350,27,59086338
заяц-русак,1,8,7200,95,25769258
волк,71,9,6750,84,86811149
заяц-русак,2,1,450,52,35656388
лось,65,2,600,90,13241490
глухарь,58,6,5400,58,71227214
бекас,73,7,4200,60,50423972
выдра,30,9,5400,98,00860383
тетерев,37,8,2400,21,47174177
хорёк,9,5,3000,44,64726069
тетерев,60,3,2700,41,81710317
барсук,53,6,4500,13,21140136
заяц-беляк,53,5,3750,59,13556150
ондатра,58,7,2100,93,97531906
лиса,39,8,2400,85,75471798
куница,1,1,450,34,86231060
медведь,63,1,750,35,81035519
перепел,50,9,2700,33,29812844
лиса,36,4,3600,62,42200109
бобёр,77,3,1350,65,86651172
гусь,26,8,3600,65,11710417
косуля,53,5,3000,61,73600930
заяц-русак,24,3,1350,77,57920085
лиса,63,9,6750,75,14196799
ондатра,63,3,2250,45,81809844
куница,69,3,2700,44,16598966
норка,17,1,600,49,23270923
волк,89,7,2100,80,76173059
норка,51,6,1800,1,56281491
рябчик,17,9,2700,20,27094242
кряква,94,9,6750,80,27246801
глухарь,83,2,900,82,71618463
кряква,66,7,3150,59,85538610
ондатра,85,8,7200,81,41010983
утка,89,5,2250,89,15864949
вальдшнеп,31,2,1800,72,76754562
куропатка,6,8,2400,96,68876401
куропатка,9,2,900,80,95370293
косуля,71,1,300,61,69503788
барсук,83,3,1350,70,95439723
тетерев,46,1,750,31,01331516
рябчик,81,3,1350,39,08112392
куропатка,31,9,2700,1,69161087
перепел,88,8,3600,70,71307312
лось,96,9,8100,50,25848779
заяц-беляк,57,4,3600,85,43327058
лиса,60,9,6750,99,86651172
волк,8,9,8100,47,98609352
барсук,45,1,900,21,07376900
чирки,76,2,1500,51,71310718
тетерев,28,5,3750,75,68037062
бекас,23,1,900,60,23689824
перепел,96,1,900,13,06967680
норка,29,6,1800,35,94967203
лиса,89,7,4200,13,56874808
косуля,83,4,2400,96,13307837
кряква,28,3,900,46,96187777
бекас,90,9,6750,50,66329220
перепел,28,2,900,60,71897479
куница,72,7,4200,91,68480400
заяц-беляк,89,6,5400,25,14928925
утка,11,3,1800,38,31204033
рябчик,81,8,4800,26,37709952
вальдшнеп,91,7,6300,88,45385254
утка,80,8,4800,92,63763690
рябчик,25,2,900,71,91130952
вальдшнеп,23,5,1500,50,58743294
лось,97,2,1800,45,25786439
чернеть,38,6,1800,1,23270923
медведь,13,5,4500,90,96469088
заяц-беляк,43,2,1500,44,15762054
норка,72,4,3000,96,10054239
ондатра,63,1,450,85,42035428
ондатра,25,9,6750,76,81034642
заяц-русак,46,4,3000,58,76173059
волк,61,9,2700,42,59211709
ондатра,10,5,3750,8,20544164
куропатка,72,7,2100,82,48645607
кряква,95,8,4800,87,10530580
хорёк,69,9,6750,22,60328854
выдра,46,9,6750,44,42212508
лиса,93,7,4200,67,87078664
кряква,36,6,4500,95,20029296
чирки,50,6,5400,32,07376900
заяц-беляк,56,6,5400,90,59276876
заяц-русак,46,9,8100,64,73972136
барсук,63,5,1500,33,76914669
волк,62,7,6300,64,85841314
кряква,15,4,1200,89,01210125
норка,78,8,4800,29,84963772
рябчик,63,2,1800,51,46218148
выдра,16,9,2700,15,06550455
бобёр,70,9,5400,72,60932181
утка,77,5,4500,43,27775301
рябчик,89,7,3150,78,21573286
норка,78,8,3600,18,59105749
барсук,30,6,1800,28,85212022
утка,25,1,750,56,85666863
куропатка,34,2,900,77,27443613
кабан,43,2,1500,77,15544087
волк,52,2,900,44,99254049
косуля,46,3,900,93,21140136
выдра,66,6,3600,18,96187777
медведь,3,2,1200,87,34906767
лиса,66,5,1500,58,42175438
чирки,66,5,3000,63,09571167
выдра,90,7,4200,9,80967484
лось,57,2,1200,1,16166882
заяц-русак,42,3,1800,49,76825705
олень,81,3,1800,64,16352797
куница,78,5,2250,94,98721023
вальдшнеп,69,3,1800,90,02251288
утка,21,4,2400,82,32038606
куропатка,35,6,4500,81,16827950
утка,63,1,750,33,84619761
медведь,67,7,5250,83,59456735
вальдшнеп,6,5,3000,65,03210888
вальдшнеп,7,9,2700,85,36827701
медведь,93,7,2100,3,52354205
медведь,18,3,2700,99,92288485
выдра,98,2,1500,91,88719788
ондатра,12,8,7200,30,24808583
ондатра,93,3,2250,93,70007084
гусь,37,2,600,40,16281424
ондатра,66,2,1800,34,63228342
тетерев,61,6,1800,49,42145936
норка,74,3,1800,41,65949597
косуля,52,7,5250,77,02773759
ондатра,94,5,4500,38,29520107
куропатка,83,8,7200,90,45020926
бобёр,73,8,3600,48,53589989
перепел,40,6,1800,32,13307837
выдра,29,7,2100,29,15864949
косуля,45,1,900,40,73116097
олень,21,7,5250,29,90619557
глухарь,93,1,750,98,45109690
перепел,97,7,5250,98,58884072
косуля,84,3,900,65,01331516
хорёк,59,8,3600,46,15547583
чернеть,66,6,2700,44,59211709
перепел,81,4,2400,54,13307837
бекас,34,6,5400,54,94326840
лось,12,5,3750,46,71603889
барсук,52,9,5400,47,23948983
чирки,24,5,1500,41,50725670
гусь,39,4,1800,7,35532637
тетерев,75,9,4050,21,36296439
глухарь,67,7,3150,44,16452374
лось,42,2,1200,31,83052651
косуля,90,6,5400,30,97531906
лось,16,4,3600,86,55093552
лиса,14,1,750,84,84754660
медведь,3,1,600,61,51252724
тетерев,27,8,7200,49,71253947
куропатка,20,2,900,13,28929345
выдра,80,7,5250,55,96642474
куница,32,5,3000,99,04510604
тетерев,56,9,6750,37,70172621
кряква,7,5,1500,37,49712780
волк,73,4,1800,30,58387047
ондатра,91,7,2100,83,83761027
волк,23,1,300,56,36691913
кабан,34,1,750,12,04826637
олень,37,1,600,81,20394080
выдра,23,3,1350,59,17630177
чирки,4,9,4050,66,41973097
куропатка,65,2,600,64,21404412
чирки,45,7,3150,39,46051509
хорёк,64,5,3000,90,40866697
олень,96,3,2700,79,42600534
заяц-русак,17,7,3150,5,76906800
заяц-беляк,46,9,4050,4,74758791
