МР-94МР,комбинированное,2,7.62 мм
МР-43,гладкоствольное,2,16
МР-18М-М,гладкоствольное,1,32
МР-94МР,комбинированное,2,7.62 мм
МР-94 "Север",комбинированное,2,7.62 мм
Сайга 308-1,нарезное,2,7.62 мм
МР-94 "Север",комбинированное,2,7.62 мм
МР-18МН,нарезное,1,7.62 мм
МР-18М-М,гладкоствольное,1,20
МР-233,гладкоствольное,2,12
МР-27М,гладкоствольное,2,12
МР-133,гладкоствольное,1,12
ОП-СКС,гладкоствольное,1,7.62 мм
МР-143,гладкоствольное,1,7.62 мм
МР-27М,гладкоствольное,2,32
МР-94 "Экспресс",нарезное,2,7.62 мм
МР-27М,гладкоствольное,2,16
МР-43,гладкоствольное,2,20
МР-27М,гладкоствольное,2,16
МР-18М-М,гладкоствольное,1,32
МР-43,гладкоствольное,2,32
МР-233,гладкоствольное,2,12
МР-18М-М,гладкоствольное,1,20
Сайга 308-1,нарезное,2,7.62 мм
МР-18М-М,гладкоствольное,1,12
МР-27М,гладкоствольное,2,32
МР-43,гладкоствольное,2,20
МР-233,гладкоствольное,2,16
МР-43,гладкоствольное,2,32
МР-27М,гладкоствольное,2,20
Сайга 308-1,нарезное,2,7.62 мм
МР-94 "Экспресс",нарезное,2,7.62 мм
МР-18М-М,гладкоствольное,1,20
МР-143,гладкоствольное,1,7.62 мм
МР-18М-М,гладкоствольное,1,16
МР-233,гладкоствольное,2,16
МР-94 "Север",комбинированное,2,7.62 мм
МР-18М-М,гладкоствольное,1,20
МР-18М-М,гладкоствольное,1,20
МР-43,гладкоствольное,2,16
МР-43,гладкоствольное,2,12
Сайга 308-1,нарезное,2,7.62 мм
МР-94 "Экспресс",нарезное,2,7.62 мм
МР-43,гладкоствольное,2,16
МР-43,гладкоствольное,2,12
МР-27М,гладкоствольное,2,12
МР-27М,гладкоствольное,2,16
Сайга 308-1,нарезное,2,7.62 мм
МР-153,гладкоствольное,1,12
МР-27М,гладкоствольное,2,20
МР-43,гладкоствольное,2,32
МР-43,гладкоствольное,2,32
МР-18М-М,гладкоствольное,1,16
МР-18М-М,гладкоствольное,1,32
МР-233,гладкоствольное,2,20
МР-233,гладкоствольное,2,32
МР-153,гладкоствольное,1,12
МР-27М,гладкоствольное,2,20
МР-94 "Экспресс",нарезное,2,7.62 мм
Сайга 308-1,нарезное,2,7.62 мм
МР-143,гладкоствольное,1,7.62 мм
МР-18М-М,гладкоствольное,1,12
МР-18МН,нарезное,1,7.62 мм
МР-18М-М,гладкоствольное,1,20
МР-94 "Экспресс",нарезное,2,7.62 мм
МР-43,гладкоствольное,2,12
МР-233,гладкоствольное,2,32
МР-233,гладкоствольное,2,16
МР-94 "Экспресс",нарезное,2,7.62 мм
МР-153,гладкоствольное,1,12
МР-133,гладкоствольное,1,12
Сайга 308-1,нарезное,2,7.62 мм
МР-233,гладкоствольное,2,16
МР-18М-М,гладкоствольное,1,16
МР-233,гладкоствольное,2,20
МР-27М,гладкоствольное,2,20
МР-233,гладкоствольное,2,32
МР-233,гладкоствольное,2,16
МР-153,гладкоствольное,1,12
МР-18М-М,гладкоствольное,1,20
МР-27М,гладкоствольное,2,32
МР-18МН,нарезное,1,7.62 мм
МР-233,гладкоствольное,2,32
МР-94 "Экспресс",нарезное,2,7.62 мм
МР-43,гладкоствольное,2,32
МР-233,гладкоствольное,2,20
МР-233,гладкоствольное,2,20
МР-143,гладкоствольное,1,7.62 мм
МР-94 "Север",комбинированное,2,7.62 мм
МР-18М-М,гладкоствольное,1,16
МР-143,гладкоствольное,1,7.62 мм
МР-94 "Север",комбинированное,2,7.62 мм
МР-27М,гладкоствольное,2,12
МР-94 "Север",комбинированное,2,7.62 мм
МР-94 "Экспресс",нарезное,2,7.62 мм
МР-133,гладкоствольное,1,12
Сайга 308-1,нарезное,2,7.62 мм
МР-43,гладкоствольное,2,20
МР-143,гладкоствольное,1,7.62 мм
МР-18М-М,гладкоствольное,1,32
МР-133,гладкоствольное,1,12
МР-43,гладкоствольное,2,32
МР-27М,гладкоствольное,2,12
МР-143,гладкоствольное,1,7.62 мм
МР-18М-М,гладкоствольное,1,20
МР-143,гладкоствольное,1,7.62 мм
МР-43,гладкоствольное,2,12
МР-233,гладкоствольное,2,16
МР-143,гладкоствольное,1,7.62 мм
МР-43,гладкоствольное,2,16
МР-43,гладкоствольное,2,16
МР-27М,гладкоствольное,2,20
МР-43,гладкоствольное,2,20
МР-143,гладкоствольное,1,7.62 мм
МР-233,гладкоствольное,2,32
МР-153,гладкоствольное,1,12
ОП-СКС,гладкоствольное,1,7.62 мм
МР-27М,гладкоствольное,2,32
МР-233,гладкоствольное,2,12
МР-18М-М,гладкоствольное,1,32
МР-43,гладкоствольное,2,32
МР-94МР,комбинированное,2,7.62 мм
МР-27М,гладкоствольное,2,32
ОП-СКС,гладкоствольное,1,7.62 мм
МР-43,гладкоствольное,2,16
Сайга 308-1,нарезное,2,7.62 мм
МР-153,гладкоствольное,1,12
МР-233,гладкоствольное,2,32
МР-143,гладкоствольное,1,7.62 мм
МР-94 "Север",комбинированное,2,7.62 мм
МР-233,гладкоствольное,2,16
МР-43,гладкоствольное,2,16
МР-233,гладкоствольное,2,16
МР-43,гладкоствольное,2,32
ОП-СКС,гладкоствольное,1,7.62 мм
МР-233,гладкоствольное,2,32
МР-94 "Экспресс",нарезное,2,7.62 мм
МР-233,гладкоствольное,2,20
МР-43,гладкоствольное,2,32
МР-27М,гладкоствольное,2,20
МР-233,гладкоствольное,2,20
Сайга 308-1,нарезное,2,7.62 мм
МР-27М,гладкоствольное,2,16
МР-18МН,нарезное,1,7.62 мм
МР-43,гладкоствольное,2,12
МР-18М-М,гладкоствольное,1,20
ОП-СКС,гладкоствольное,1,7.62 мм
МР-27М,гладкоствольное,2,16
МР-27М,гладкоствольное,2,32
ОП-СКС,гладкоствольное,1,7.62 мм
МР-133,гладкоствольное,1,12
ОП-СКС,гладкоствольное,1,7.62 мм
ОП-СКС,гладкоствольное,1,7.62 мм
МР-94 "Север",комбинированное,2,7.62 мм
МР-94 "Экспресс",нарезное,2,7.62 мм
МР-27М,гладкоствольное,2,12
МР-43,гладкоствольное,2,12
МР-27М,гладкоствольное,2,12
МР-18М-М,гладкоствольное,1,16
Сайга 308-1,нарезное,2,7.62 мм
Сайга 308-1,нарезное,2,7.62 мм
МР-233,гладкоствольное,2,32
МР-18М-М,гладкоствольное,1,32
МР-43,гладкоствольное,2,16
МР-94 "Экспресс",нарезное,2,7.62 мм
МР-27М,гладкоствольное,2,32
МР-27М,гладкоствольное,2,32
МР-233,гладкоствольное,2,12
МР-133,гладкоствольное,1,12
МР-143,гладкоствольное,1,7.62 мм
Сайга 308-1,нарезное,2,7.62 мм
МР-43,гладкоствольное,2,20
МР-43,гладкоствольное,2,32
ОП-СКС,гладкоствольное,1,7.62 мм
МР-18М-М,гладкоствольное,1,12
МР-143,гладкоствольное,1,7.62 мм
МР-233,гладкоствольное,2,32
МР-18МН,нарезное,1,7.62 мм
МР-18М-М,гладкоствольное,1,16
МР-43,гладкоствольное,2,20
МР-27М,гладкоствольное,2,32
МР-133,гладкоствольное,1,12
МР-43,гладкоствольное,2,16
МР-94 "Север",комбинированное,2,7.62 мм
МР-153,гладкоствольное,1,12
МР-27М,гладкоствольное,2,16
МР-18М-М,гладкоствольное,1,16
ОП-СКС,гладкоствольное,1,7.62 мм
МР-143,гладкоствольное,1,7.62 мм
МР-27М,гладкоствольное,2,20
МР-27М,гладкоствольное,2,20
МР-94 "Север",комбинированное,2,7.62 мм
МР-27М,гладкоствольное,2,32
Сайга 308-1,нарезное,2,7.62 мм
МР-27М,гладкоствольное,2,12
МР-43,гладкоствольное,2,16
МР-27М,гладкоствольное,2,12
МР-18М-М,гладкоствольное,1,20
МР-94 "Экспресс",нарезное,2,7.62 мм
МР-27М,гладкоствольное,2,32
МР-43,гладкоствольное,2,12
МР-94МР,комбинированное,2,7.62 мм
МР-43,гладкоствольное,2,32
МР-143,гладкоствольное,1,7.62 мм
Сайга 308-1,нарезное,2,7.62 мм
МР-27М,гладкоствольное,2,20
МР-233,гладкоствольное,2,12
МР-43,гладкоствольное,2,16
МР-233,гладкоствольное,2,16
МР-233,гладкоствольное,2,12
МР-43,гладкоствольное,2,20
Сайга 308-1,нарезное,2,7.62 мм
МР-94 "Север",комбинированное,2,7.62 мм
МР-143,гладкоствольное,1,7.62 мм
МР-43,гладкоствольное,2,20
МР-43,гладкоствольное,2,20
МР-18М-М,гладкоствольное,1,12
Сайга 308-1,нарезное,2,7.62 мм
МР-43,гладкоствольное,2,20
МР-94МР,комбинированное,2,7.62 мм
МР-43,гладкоствольное,2,20
МР-27М,гладкоствольное,2,20
МР-233,гладкоствольное,2,20
МР-18МН,нарезное,1,7.62 мм
МР-27М,гладкоствольное,2,12
МР-94 "Север",комбинированное,2,7.62 мм
МР-43,гладкоствольное,2,32
МР-233,гладкоствольное,2,32
МР-94МР,комбинированное,2,7.62 мм
МР-27М,гладкоствольное,2,20
МР-27М,гладкоствольное,2,16
МР-27М,гладкоствольное,2,32
МР-18М-М,гладкоствольное,1,16
МР-233,гладкоствольное,2,16
МР-43,гладкоствольное,2,20
МР-94 "Север",комбинированное,2,7.62 мм
МР-18М-М,гладкоствольное,1,12
МР-43,гладкоствольное,2,32
МР-27М,гладкоствольное,2,16
МР-233,гладкоствольное,2,32
МР-233,гладкоствольное,2,16
МР-18МН,нарезное,1,7.62 мм
МР-18М-М,гладкоствольное,1,12
МР-153,гладкоствольное,1,12
МР-18МН,нарезное,1,7.62 мм
МР-18МН,нарезное,1,7.62 мм
МР-233,гладкоствольное,2,20
МР-18М-М,гладкоствольное,1,32
МР-233,гладкоствольное,2,20
МР-27М,гладкоствольное,2,32
МР-94 "Север",комбинированное,2,7.62 мм
МР-18М-М,гладкоствольное,1,32
МР-18М-М,гладкоствольное,1,32
МР-233,гладкоствольное,2,32
МР-233,гладкоствольное,2,12
МР-43,гладкоствольное,2,16
МР-27М,гладкоствольное,2,20
МР-94 "Экспресс",нарезное,2,7.62 мм
МР-18МН,нарезное,1,7.62 мм
МР-43,гладкоствольное,2,20
МР-18МН,нарезное,1,7.62 мм
ОП-СКС,гладкоствольное,1,7.62 мм
МР-43,гладкоствольное,2,32
МР-94 "Экспресс",нарезное,2,7.62 мм
МР-233,гладкоствольное,2,16
МР-233,гладкоствольное,2,20
МР-43,гладкоствольное,2,32
МР-233,гладкоствольное,2,16
МР-43,гладкоствольное,2,32
МР-133,гладкоствольное,1,12
МР-43,гладкоствольное,2,20
МР-27М,гладкоствольное,2,16
ОП-СКС,гладкоствольное,1,7.62 мм
МР-43,гладкоствольное,2,20
МР-133,гладкоствольное,1,12
МР-94МР,комбинированное,2,7.62 мм
МР-94МР,комбинированное,2,7.62 мм
МР-27М,гладкоствольное,2,12
МР-27М,гладкоствольное,2,16
МР-43,гладкоствольное,2,12
МР-43,гладкоствольное,2,20
МР-27М,гладкоствольное,2,32
МР-27М,гладкоствольное,2,32
МР-143,гладкоствольное,1,7.62 мм
МР-94 "Экспресс",нарезное,2,7.62 мм
МР-18М-М,гладкоствольное,1,16
МР-153,гладкоствольное,1,12
МР-94 "Север",комбинированное,2,7.62 мм
МР-27М,гладкоствольное,2,32
МР-133,гладкоствольное,1,12
МР-27М,гладкоствольное,2,20
МР-43,гладкоствольное,2,20
МР-43,гладкоствольное,2,20
ОП-СКС,гладкоствольное,1,7.62 мм
ОП-СКС,гладкоствольное,1,7.62 мм
МР-27М,гладкоствольное,2,16
МР-233,гладкоствольное,2,20
МР-43,гладкоствольное,2,16
МР-233,гладкоствольное,2,12
МР-43,гладкоствольное,2,32
МР-233,гладкоствольное,2,20
МР-233,гладкоствольное,2,32
МР-18МН,нарезное,1,7.62 мм
МР-94 "Север",комбинированное,2,7.62 мм
МР-18МН,нарезное,1,7.62 мм
МР-94 "Север",комбинированное,2,7.62 мм
ОП-СКС,гладкоствольное,1,7.62 мм
МР-18М-М,гладкоствольное,1,16
МР-27М,гладкоствольное,2,16
МР-94 "Север",комбинированное,2,7.62 мм
МР-27М,гладкоствольное,2,12
МР-43,гладкоствольное,2,20
МР-233,гладкоствольное,2,16
МР-233,гладкоствольное,2,16
МР-94 "Север",комбинированное,2,7.62 мм
МР-18МН,нарезное,1,7.62 мм
ОП-СКС,гладкоствольное,1,7.62 мм
МР-94МР,комбинированное,2,7.62 мм
МР-43,гладкоствольное,2,16
МР-27М,гладкоствольное,2,20
МР-233,гладкоствольное,2,12
МР-233,гладкоствольное,2,32
МР-233,гладкоствольное,2,16
МР-18М-М,гладкоствольное,1,20
МР-43,гладкоствольное,2,32
МР-233,гладкоствольное,2,20
МР-143,гладкоствольное,1,7.62 мм
МР-43,гладкоствольное,2,20
МР-18М-М,гладкоствольное,1,16
МР-18М-М,гладкоствольное,1,20
МР-133,гладкоствольное,1,12
МР-18МН,нарезное,1,7.62 мм
МР-18М-М,гладкоствольное,1,20
МР-18МН,нарезное,1,7.62 мм
МР-153,гладкоствольное,1,12
МР-133,гладкоствольное,1,12
ОП-СКС,гладкоствольное,1,7.62 мм
МР-233,гладкоствольное,2,16
МР-94 "Север",комбинированное,2,7.62 мм
МР-27М,гладкоствольное,2,20
МР-43,гладкоствольное,2,20
МР-233,гладкоствольное,2,16
МР-233,гладкоствольное,2,20
МР-27М,гладкоствольное,2,20
МР-143,гладкоствольное,1,7.62 мм
МР-18М-М,гладкоствольное,1,32
МР-233,гладкоствольное,2,12
МР-233,гладкоствольное,2,32
МР-153,гладкоствольное,1,12
МР-18М-М,гладкоствольное,1,32
МР-43,гладкоствольное,2,32
МР-27М,гладкоствольное,2,16
МР-153,гладкоствольное,1,12
МР-233,гладкоствольное,2,32
МР-94 "Экспресс",нарезное,2,7.62 мм
МР-143,гладкоствольное,1,7.62 мм
МР-43,гладкоствольное,2,32
МР-27М,гладкоствольное,2,32
МР-153,гладкоствольное,1,12
МР-27М,гладкоствольное,2,32
МР-94 "Север",комбинированное,2,7.62 мм
МР-27М,гладкоствольное,2,12
ОП-СКС,гладкоствольное,1,7.62 мм
МР-18МН,нарезное,1,7.62 мм
МР-153,гладкоствольное,1,12
МР-27М,гладкоствольное,2,20
Сайга 308-1,нарезное,2,7.62 мм
МР-18М-М,гладкоствольное,1,12
МР-27М,гладкоствольное,2,20
МР-233,гладкоствольное,2,16
МР-43,гладкоствольное,2,32
МР-43,гладкоствольное,2,12
Сайга 308-1,нарезное,2,7.62 мм
МР-43,гладкоствольное,2,32
МР-18М-М,гладкоствольное,1,12
ОП-СКС,гладкоствольное,1,7.62 мм
МР-18М-М,гладкоствольное,1,20
МР-18М-М,гладкоствольное,1,12
МР-233,гладкоствольное,2,20
МР-94 "Экспресс",нарезное,2,7.62 мм
Сайга 308-1,нарезное,2,7.62 мм
МР-43,гладкоствольное,2,12
ОП-СКС,гладкоствольное,1,7.62 мм
МР-233,гладкоствольное,2,20
МР-153,гладкоствольное,1,12
МР-27М,гладкоствольное,2,12
МР-153,гладкоствольное,1,12
МР-18М-М,гладкоствольное,1,32
МР-27М,гладкоствольное,2,12
МР-143,гладкоствольное,1,7.62 мм
МР-18МН,нарезное,1,7.62 мм
МР-18МН,нарезное,1,7.62 мм
МР-43,гладкоствольное,2,12
МР-233,гладкоствольное,2,12
МР-94 "Экспресс",нарезное,2,7.62 мм
МР-233,гладкоствольное,2,12
МР-233,гладкоствольное,2,12
МР-18М-М,гладкоствольное,1,20
МР-43,гладкоствольное,2,12
МР-153,гладкоствольное,1,12
МР-233,гладкоствольное,2,20
МР-18М-М,гладкоствольное,1,16
МР-43,гладкоствольное,2,32
МР-18М-М,гладкоствольное,1,20
МР-27М,гладкоствольное,2,16
МР-233,гладкоствольное,2,12
МР-233,гладкоствольное,2,20
МР-27М,гладкоствольное,2,20
МР-94 "Север",комбинированное,2,7.62 мм
Сайга 308-1,нарезное,2,7.62 мм
МР-233,гладкоствольное,2,12
МР-43,гладкоствольное,2,20
МР-27М,гладкоствольное,2,20
МР-133,гладкоствольное,1,12
МР-143,гладкоствольное,1,7.62 мм
МР-18М-М,гладкоствольное,1,20
МР-18МН,нарезное,1,7.62 мм
МР-233,гладкоствольное,2,16
МР-18М-М,гладкоствольное,1,32
МР-133,гладкоствольное,1,12
МР-18М-М,гладкоствольное,1,16
МР-233,гладкоствольное,2,16
МР-43,гладкоствольное,2,32
МР-43,гладкоствольное,2,20
ОП-СКС,гладкоствольное,1,7.62 мм
МР-94МР,комбинированное,2,7.62 мм
МР-43,гладкоствольное,2,20
МР-18М-М,гладкоствольное,1,16
ОП-СКС,гладкоствольное,1,7.62 мм
МР-27М,гладкоствольное,2,32
МР-27М,гладкоствольное,2,16
МР-133,гладкоствольное,1,12
МР-233,гладкоствольное,2,20
МР-18М-М,гладкоствольное,1,12
МР-94 "Север",комбинированное,2,7.62 мм
МР-27М,гладкоствольное,2,20
МР-43,гладкоствольное,2,12
МР-233,гладкоствольное,2,32
МР-94 "Экспресс",нарезное,2,7.62 мм
МР-27М,гладкоствольное,2,32
МР-27М,гладкоствольное,2,16
Сайга 308-1,нарезное,2,7.62 мм
МР-18М-М,гладкоствольное,1,20
МР-18М-М,гладкоствольное,1,12
МР-43,гладкоствольное,2,32
МР-153,гладкоствольное,1,12
МР-43,гладкоствольное,2,16
МР-233,гладкоствольное,2,12
МР-18М-М,гладкоствольное,1,32
Сайга 308-1,нарезное,2,7.62 мм
МР-27М,гладкоствольное,2,32
МР-233,гладкоствольное,2,32
МР-27М,гладкоствольное,2,20
МР-233,гладкоствольное,2,20
МР-27М,гладкоствольное,2,20
МР-18М-М,гладкоствольное,1,12
МР-233,гладкоствольное,2,32
МР-18М-М,гладкоствольное,1,12
МР-43,гладкоствольное,2,20
МР-18МН,нарезное,1,7.62 мм
МР-133,гладкоствольное,1,12
МР-27М,гладкоствольное,2,20
МР-94МР,комбинированное,2,7.62 мм
МР-18М-М,гладкоствольное,1,32
МР-233,гладкоствольное,2,20
МР-18М-М,гладкоствольное,1,20
МР-18М-М,гладкоствольное,1,16
МР-18М-М,гладкоствольное,1,12
МР-233,гладкоствольное,2,16
Сайга 308-1,нарезное,2,7.62 мм
МР-27М,гладкоствольное,2,32
МР-94 "Экспресс",нарезное,2,7.62 мм
МР-143,гладкоствольное,1,7.62 мм
МР-43,гладкоствольное,2,16
МР-43,гладкоствольное,2,16
МР-94 "Экспресс",нарезное,2,7.62 мм
МР-233,гладкоствольное,2,12
МР-27М,гладкоствольное,2,16
МР-94 "Север",комбинированное,2,7.62 мм
МР-143,гладкоствольное,1,7.62 мм
МР-43,гладкоствольное,2,20
МР-43,гладкоствольное,2,20
МР-94 "Север",комбинированное,2,7.62 мм
МР-43,гладкоствольное,2,16
МР-43,гладкоствольное,2,32
МР-43,гладкоствольное,2,20
МР-94МР,комбинированное,2,7.62 мм
МР-18М-М,гладкоствольное,1,20
МР-133,гладкоствольное,1,12
МР-18М-М,гладкоствольное,1,20
МР-133,гладкоствольное,1,12
МР-43,гладкоствольное,2,20
МР-27М,гладкоствольное,2,12
МР-43,гладкоствольное,2,12
МР-27М,гладкоствольное,2,20
МР-18М-М,гладкоствольное,1,12
МР-233,гладкоствольное,2,32
МР-18М-М,гладкоствольное,1,16
МР-27М,гладкоствольное,2,32
МР-94 "Север",комбинированное,2,7.62 мм
МР-27М,гладкоствольное,2,32
МР-233,гладкоствольное,2,32
ОП-СКС,гладкоствольное,1,7.62 мм
МР-43,гладкоствольное,2,16
МР-18М-М,гладкоствольное,1,12
МР-18М-М,гладкоствольное,1,32
МР-27М,гладкоствольное,2,12
МР-18М-М,гладкоствольное,1,16
МР-18М-М,гладкоствольное,1,20
МР-233,гладкоствольное,2,20
МР-233,гладкоствольное,2,16
МР-233,гладкоствольное,2,20
МР-143,гладкоствольное,1,7.62 мм
МР-18МН,нарезное,1,7.62 мм
МР-143,гладкоствольное,1,7.62 мм
МР-233,гладкоствольное,2,32
МР-18М-М,гладкоствольное,1,32
МР-43,гладкоствольное,2,32
МР-27М,гладкоствольное,2,16
МР-27М,гладкоствольное,2,20
МР-43,гладкоствольное,2,16
МР-153,гладкоствольное,1,12
МР-153,гладкоствольное,1,12
МР-27М,гладкоствольное,2,32
МР-94 "Экспресс",нарезное,2,7.62 мм
МР-27М,гладкоствольное,2,32
МР-233,гладкоствольное,2,16
МР-233,гладкоствольное,2,32
МР-27М,гладкоствольное,2,12
МР-94МР,комбинированное,2,7.62 мм
МР-233,гладкоствольное,2,20
МР-43,гладкоствольное,2,20
МР-43,гладкоствольное,2,12
МР-133,гладкоствольное,1,12
МР-18МН,нарезное,1,7.62 мм
МР-27М,гладкоствольное,2,20
МР-133,гладкоствольное,1,12
МР-233,гладкоствольное,2,16
ОП-СКС,гладкоствольное,1,7.62 мм
МР-43,гладкоствольное,2,16
МР-94МР,комбинированное,2,7.62 мм
МР-27М,гладкоствольное,2,12
МР-18М-М,гладкоствольное,1,12
МР-233,гладкоствольное,2,16
МР-133,гладкоствольное,1,12
МР-18М-М,гладкоствольное,1,32
МР-27М,гладкоствольное,2,16
ОП-СКС,гладкоствольное,1,7.62 мм
МР-43,гладкоствольное,2,16
МР-143,гладкоствольное,1,7.62 мм
МР-43,гладкоствольное,2,16
МР-27М,гладкоствольное,2,12
МР-18МН,нарезное,1,7.62 мм
МР-94 "Экспресс",нарезное,2,7.62 мм
МР-18М-М,гладкоствольное,1,32
МР-18М-М,гладкоствольное,1,32
МР-18М-М,гладкоствольное,1,16
МР-18М-М,гладкоствольное,1,20
МР-27М,гладкоствольное,2,32
МР-27М,гладкоствольное,2,32
МР-18М-М,гладкоствольное,1,16
МР-27М,гладкоствольное,2,12
МР-233,гладкоствольное,2,32
МР-133,гладкоствольное,1,12
МР-233,гладкоствольное,2,16
МР-27М,гладкоствольное,2,32
МР-143,гладкоствольное,1,7.62 мм
Сайга 308-1,нарезное,2,7.62 мм
МР-18МН,нарезное,1,7.62 мм
МР-18МН,нарезное,1,7.62 мм
МР-27М,гладкоствольное,2,16
МР-143,гладкоствольное,1,7.62 мм
МР-18М-М,гладкоствольное,1,20
МР-143,гладкоствольное,1,7.62 мм
ОП-СКС,гладкоствольное,1,7.62 мм
МР-27М,гладкоствольное,2,12
МР-18М-М,гладкоствольное,1,16
МР-18М-М,гладкоствольное,1,16
МР-94 "Север",комбинированное,2,7.62 мм
МР-153,гладкоствольное,1,12
МР-153,гладкоствольное,1,12
МР-143,гладкоствольное,1,7.62 мм
МР-18МН,нарезное,1,7.62 мм
МР-18М-М,гладкоствольное,1,16
ОП-СКС,гладкоствольное,1,7.62 мм
МР-18М-М,гладкоствольное,1,16
МР-233,гладкоствольное,2,20
МР-18М-М,гладкоствольное,1,16
МР-27М,гладкоствольное,2,12
ОП-СКС,гладкоствольное,1,7.62 мм
МР-43,гладкоствольное,2,20
МР-43,гладкоствольное,2,12
Сайга 308-1,нарезное,2,7.62 мм
МР-27М,гладкоствольное,2,12
МР-43,гладкоствольное,2,32
МР-143,гладкоствольное,1,7.62 мм
МР-18МН,нарезное,1,7.62 мм
Сайга 308-1,нарезное,2,7.62 мм
ОП-СКС,гладкоствольное,1,7.62 мм
МР-233,гладкоствольное,2,32
МР-18МН,нарезное,1,7.62 мм
ОП-СКС,гладкоствольное,1,7.62 мм
МР-18М-М,гладкоствольное,1,20
МР-233,гладкоствольное,2,20
МР-94 "Экспресс",нарезное,2,7.62 мм
МР-43,гладкоствольное,2,32
МР-233,гладкоствольное,2,12
МР-94 "Экспресс",нарезное,2,7.62 мм
МР-27М,гладкоствольное,2,20
МР-43,гладкоствольное,2,12
МР-43,гладкоствольное,2,32
МР-27М,гладкоствольное,2,12
МР-94 "Экспресс",нарезное,2,7.62 мм
МР-43,гладкоствольное,2,20
МР-43,гладкоствольное,2,16
МР-27М,гладкоствольное,2,12
МР-27М,гладкоствольное,2,20
МР-43,гладкоствольное,2,12
МР-18МН,нарезное,1,7.62 мм
МР-153,гладкоствольное,1,12
МР-233,гладкоствольное,2,12
МР-43,гладкоствольное,2,32
МР-233,гладкоствольное,2,20
МР-233,гладкоствольное,2,12
МР-27М,гладкоствольное,2,20
МР-27М,гладкоствольное,2,12
МР-153,гладкоствольное,1,12
МР-233,гладкоствольное,2,12
МР-94МР,комбинированное,2,7.62 мм
МР-43,гладкоствольное,2,12
МР-27М,гладкоствольное,2,32
МР-18М-М,гладкоствольное,1,20
МР-233,гладкоствольное,2,32
МР-18М-М,гладкоствольное,1,32
МР-27М,гладкоствольное,2,16
МР-27М,гладкоствольное,2,32
МР-18М-М,гладкоствольное,1,16
МР-43,гладкоствольное,2,16
МР-27М,гладкоствольное,2,12
МР-27М,гладкоствольное,2,32
МР-43,гладкоствольное,2,20
ОП-СКС,гладкоствольное,1,7.62 мм
МР-94МР,комбинированное,2,7.62 мм
Сайга 308-1,нарезное,2,7.62 мм
МР-153,гладкоствольное,1,12
МР-18М-М,гладкоствольное,1,20
МР-94 "Экспресс",нарезное,2,7.62 мм
МР-43,гладкоствольное,2,16
МР-94 "Экспресс",нарезное,2,7.62 мм
Сайга 308-1,нарезное,2,7.62 мм
МР-133,гладкоствольное,1,12
МР-18М-М,гладкоствольное,1,16
МР-94 "Север",комбинированное,2,7.62 мм
МР-133,гладкоствольное,1,12
МР-18М-М,гладкоствольное,1,16
МР-94МР,комбинированное,2,7.62 мм
МР-27М,гладкоствольное,2,16
МР-233,гладкоствольное,2,12
МР-27М,гладкоствольное,2,32
МР-94 "Экспресс",нарезное,2,7.62 мм
МР-94 "Экспресс",нарезное,2,7.62 мм
МР-43,гладкоствольное,2,32
МР-233,гладкоствольное,2,20
МР-18М-М,гладкоствольное,1,32
МР-18МН,нарезное,1,7.62 мм
МР-233,гладкоствольное,2,32
МР-27М,гладкоствольное,2,32
МР-18МН,нарезное,1,7.62 мм
МР-27М,гладкоствольное,2,32
МР-153,гладкоствольное,1,12
МР-43,гладкоствольное,2,20
Сайга 308-1,нарезное,2,7.62 мм
МР-18МН,нарезное,1,7.62 мм
ОП-СКС,гладкоствольное,1,7.62 мм
ОП-СКС,гладкоствольное,1,7.62 мм
МР-143,гладкоствольное,1,7.62 мм
МР-43,гладкоствольное,2,32
МР-27М,гладкоствольное,2,20
МР-233,гладкоствольное,2,32
МР-43,гладкоствольное,2,16
МР-27М,гладкоствольное,2,16
МР-43,гладкоствольное,2,32
МР-94МР,комбинированное,2,7.62 мм
МР-233,гладкоствольное,2,32
МР-27М,гладкоствольное,2,32
МР-18М-М,гладкоствольное,1,20
МР-233,гладкоствольное,2,20
МР-43,гладкоствольное,2,16
МР-233,гладкоствольное,2,32
МР-43,гладкоствольное,2,20
МР-18М-М,гладкоствольное,1,12
МР-27М,гладкоствольное,2,12
МР-94МР,комбинированное,2,7.62 мм
МР-27М,гладкоствольное,2,32
МР-43,гладкоствольное,2,32
МР-27М,гладкоствольное,2,20
МР-27М,гладкоствольное,2,20
МР-233,гладкоствольное,2,12
МР-27М,гладкоствольное,2,16
МР-27М,гладкоствольное,2,32
Сайга 308-1,нарезное,2,7.62 мм
МР-94МР,комбинированное,2,7.62 мм
МР-27М,гладкоствольное,2,16
МР-27М,гладкоствольное,2,16
МР-233,гладкоствольное,2,12
МР-233,гладкоствольное,2,32
МР-233,гладкоствольное,2,20
МР-133,гладкоствольное,1,12
МР-233,гладкоствольное,2,12
МР-27М,гладкоствольное,2,12
МР-94 "Север",комбинированное,2,7.62 мм
Сайга 308-1,нарезное,2,7.62 мм
МР-233,гладкоствольное,2,20
МР-94 "Север",комбинированное,2,7.62 мм
МР-43,гладкоствольное,2,32
ОП-СКС,гладкоствольное,1,7.62 мм
МР-94МР,комбинированное,2,7.62 мм
МР-94 "Экспресс",нарезное,2,7.62 мм
МР-233,гладкоствольное,2,12
МР-43,гладкоствольное,2,12
МР-18М-М,гладкоствольное,1,16
МР-233,гладкоствольное,2,12
МР-27М,гладкоствольное,2,16
МР-27М,гладкоствольное,2,16
МР-18М-М,гладкоствольное,1,32
МР-27М,гладкоствольное,2,32
МР-18М-М,гладкоствольное,1,16
МР-18М-М,гладкоствольное,1,20
ОП-СКС,гладкоствольное,1,7.62 мм
МР-94 "Север",комбинированное,2,7.62 мм
МР-43,гладкоствольное,2,12
МР-43,гладкоствольное,2,12
МР-43,гладкоствольное,2,16
МР-133,гладкоствольное,1,12
МР-233,гладкоствольное,2,12
МР-18М-М,гладкоствольное,1,32
МР-153,гладкоствольное,1,12
Сайга 308-1,нарезное,2,7.62 мм
МР-233,гладкоствольное,2,20
МР-18М-М,гладкоствольное,1,16
МР-43,гладкоствольное,2,20
МР-94 "Север",комбинированное,2,7.62 мм
МР-43,гладкоствольное,2,12
МР-18М-М,гладкоствольное,1,32
ОП-СКС,гладкоствольное,1,7.62 мм
МР-43,гладкоствольное,2,32
МР-43,гладкоствольное,2,32
МР-27М,гладкоствольное,2,12
МР-27М,гладкоствольное,2,16
МР-18М-М,гладкоствольное,1,20
МР-233,гладкоствольное,2,12
МР-18М-М,гладкоствольное,1,20
МР-233,гладкоствольное,2,20
МР-27М,гладкоствольное,2,16
МР-18М-М,гладкоствольное,1,16
МР-27М,гладкоствольное,2,20
МР-94МР,комбинированное,2,7.62 мм
МР-94 "Север",комбинированное,2,7.62 мм
МР-43,гладкоствольное,2,16
МР-18М-М,гладкоствольное,1,12
Сайга 308-1,нарезное,2,7.62 мм
МР-27М,гладкоствольное,2,16
МР-143,гладкоствольное,1,7.62 мм
ОП-СКС,гладкоствольное,1,7.62 мм
МР-233,гладкоствольное,2,16
МР-94 "Экспресс",нарезное,2,7.62 мм
МР-18М-М,гладкоствольное,1,16
МР-43,гладкоствольное,2,20
МР-233,гладкоствольное,2,32
МР-27М,гладкоствольное,2,16
МР-27М,гладкоствольное,2,20
МР-18М-М,гладкоствольное,1,32
МР-94 "Север",комбинированное,2,7.62 мм
МР-18М-М,гладкоствольное,1,12
МР-18М-М,гладкоствольное,1,32
МР-18М-М,гладкоствольное,1,16
МР-94 "Север",комбинированное,2,7.62 мм
МР-233,гладкоствольное,2,32
ОП-СКС,гладкоствольное,1,7.62 мм
Сайга 308-1,нарезное,2,7.62 мм
МР-27М,гладкоствольное,2,20
МР-43,гладкоствольное,2,32
МР-18М-М,гладкоствольное,1,16
МР-18М-М,гладкоствольное,1,12
МР-153,гладкоствольное,1,12
МР-18М-М,гладкоствольное,1,12
МР-43,гладкоствольное,2,12
МР-27М,гладкоствольное,2,12
МР-27М,гладкоствольное,2,32
МР-94 "Экспресс",нарезное,2,7.62 мм
Сайга 308-1,нарезное,2,7.62 мм
МР-233,гладкоствольное,2,20
МР-18М-М,гладкоствольное,1,32
МР-18М-М,гладкоствольное,1,32
Сайга 308-1,нарезное,2,7.62 мм
МР-233,гладкоствольное,2,32
МР-18М-М,гладкоствольное,1,16
МР-27М,гладкоствольное,2,32
МР-233,гладкоствольное,2,32
МР-133,гладкоствольное,1,12
МР-27М,гладкоствольное,2,16
МР-94 "Север",комбинированное,2,7.62 мм
МР-233,гладкоствольное,2,20
МР-18М-М,гладкоствольное,1,32
МР-27М,гладкоствольное,2,16
МР-27М,гладкоствольное,2,16
МР-43,гладкоствольное,2,16
МР-133,гладкоствольное,1,12
МР-94 "Север",комбинированное,2,7.62 мм
МР-27М,гладкоствольное,2,12
МР-27М,гладкоствольное,2,12
МР-143,гладкоствольное,1,7.62 мм
МР-18М-М,гладкоствольное,1,32
МР-94МР,комбинированное,2,7.62 мм
МР-233,гладкоствольное,2,12
МР-18М-М,гладкоствольное,1,32
МР-18М-М,гладкоствольное,1,12
ОП-СКС,гладкоствольное,1,7.62 мм
ОП-СКС,гладкоствольное,1,7.62 мм
Сайга 308-1,нарезное,2,7.62 мм
МР-233,гладкоствольное,2,20
МР-18М-М,гладкоствольное,1,16
МР-18М-М,гладкоствольное,1,20
МР-233,гладкоствольное,2,20
ОП-СКС,гладкоствольное,1,7.62 мм
МР-27М,гладкоствольное,2,32
МР-27М,гладкоствольное,2,20
МР-27М,гладкоствольное,2,12
МР-94МР,комбинированное,2,7.62 мм
МР-43,гладкоствольное,2,16
МР-153,гладкоствольное,1,12
МР-94МР,комбинированное,2,7.62 мм
ОП-СКС,гладкоствольное,1,7.62 мм
МР-27М,гладкоствольное,2,16
МР-27М,гладкоствольное,2,16
МР-94 "Экспресс",нарезное,2,7.62 мм
МР-233,гладкоствольное,2,20
Сайга 308-1,нарезное,2,7.62 мм
Сайга 308-1,нарезное,2,7.62 мм
МР-43,гладкоствольное,2,16
МР-27М,гладкоствольное,2,32
МР-18М-М,гладкоствольное,1,12
МР-27М,гладкоствольное,2,20
МР-43,гладкоствольное,2,32
МР-43,гладкоствольное,2,20
МР-18М-М,гладкоствольное,1,16
МР-18МН,нарезное,1,7.62 мм
МР-18МН,нарезное,1,7.62 мм
МР-94 "Север",комбинированное,2,7.62 мм
МР-233,гладкоствольное,2,16
МР-43,гладкоствольное,2,20
МР-233,гладкоствольное,2,20
ОП-СКС,гладкоствольное,1,7.62 мм
МР-27М,гладкоствольное,2,12
МР-18М-М,гладкоствольное,1,12
МР-27М,гладкоствольное,2,12
МР-143,гладкоствольное,1,7.62 мм
МР-94МР,комбинированное,2,7.62 мм
МР-94 "Север",комбинированное,2,7.62 мм
МР-18М-М,гладкоствольное,1,16
МР-233,гладкоствольное,2,32
МР-18М-М,гладкоствольное,1,12
МР-27М,гладкоствольное,2,12
МР-233,гладкоствольное,2,12
МР-27М,гладкоствольное,2,12
МР-43,гладкоствольное,2,32
МР-43,гладкоствольное,2,16
МР-18М-М,гладкоствольное,1,16
МР-94 "Север",комбинированное,2,7.62 мм
МР-27М,гладкоствольное,2,16
ОП-СКС,гладкоствольное,1,7.62 мм
МР-27М,гладкоствольное,2,16
МР-18М-М,гладкоствольное,1,16
МР-27М,гладкоствольное,2,12
МР-43,гладкоствольное,2,12
МР-43,гладкоствольное,2,32
МР-18М-М,гладкоствольное,1,12
ОП-СКС,гладкоствольное,1,7.62 мм
МР-18М-М,гладкоствольное,1,16
МР-233,гладкоствольное,2,32
МР-233,гладкоствольное,2,16
МР-143,гладкоствольное,1,7.62 мм
МР-233,гладкоствольное,2,20
МР-27М,гладкоствольное,2,20
МР-27М,гладкоствольное,2,12
МР-43,гладкоствольное,2,32
МР-18М-М,гладкоствольное,1,20
МР-43,гладкоствольное,2,16
МР-143,гладкоствольное,1,7.62 мм
МР-43,гладкоствольное,2,16
МР-153,гладкоствольное,1,12
МР-18М-М,гладкоствольное,1,32
МР-233,гладкоствольное,2,12
МР-18М-М,гладкоствольное,1,20
МР-94МР,комбинированное,2,7.62 мм
ОП-СКС,гладкоствольное,1,7.62 мм
МР-233,гладкоствольное,2,32
МР-133,гладкоствольное,1,12
МР-43,гладкоствольное,2,32
МР-27М,гладкоствольное,2,32
МР-18М-М,гладкоствольное,1,16
МР-233,гладкоствольное,2,16
МР-94 "Экспресс",нарезное,2,7.62 мм
МР-94МР,комбинированное,2,7.62 мм
МР-43,гладкоствольное,2,32
Сайга 308-1,нарезное,2,7.62 мм
МР-43,гладкоствольное,2,16
Сайга 308-1,нарезное,2,7.62 мм
МР-43,гладкоствольное,2,32
МР-94 "Экспресс",нарезное,2,7.62 мм
МР-27М,гладкоствольное,2,16
МР-233,гладкоствольное,2,32
МР-94 "Экспресс",нарезное,2,7.62 мм
МР-18М-М,гладкоствольное,1,32
МР-18М-М,гладкоствольное,1,16
МР-43,гладкоствольное,2,20
МР-94МР,комбинированное,2,7.62 мм
МР-18М-М,гладкоствольное,1,20
МР-94МР,комбинированное,2,7.62 мм
МР-233,гладкоствольное,2,20
МР-43,гладкоствольное,2,20
МР-43,гладкоствольное,2,32
ОП-СКС,гладкоствольное,1,7.62 мм
МР-27М,гладкоствольное,2,12
МР-133,гладкоствольное,1,12
Сайга 308-1,нарезное,2,7.62 мм
МР-143,гладкоствольное,1,7.62 мм
МР-18М-М,гладкоствольное,1,20
МР-27М,гладкоствольное,2,12
МР-43,гладкоствольное,2,16
МР-43,гладкоствольное,2,32
МР-43,гладкоствольное,2,20
МР-18МН,нарезное,1,7.62 мм
МР-43,гладкоствольное,2,32
МР-143,гладкоствольное,1,7.62 мм
МР-94 "Север",комбинированное,2,7.62 мм
МР-27М,гладкоствольное,2,32
МР-18МН,нарезное,1,7.62 мм
МР-18М-М,гладкоствольное,1,20
МР-94МР,комбинированное,2,7.62 мм
Сайга 308-1,нарезное,2,7.62 мм
МР-27М,гладкоствольное,2,32
МР-18М-М,гладкоствольное,1,12
МР-94 "Экспресс",нарезное,2,7.62 мм
МР-18М-М,гладкоствольное,1,32
ОП-СКС,гладкоствольное,1,7.62 мм
МР-94 "Экспресс",нарезное,2,7.62 мм
МР-233,гладкоствольное,2,12
МР-18М-М,гладкоствольное,1,32
МР-233,гладкоствольное,2,32
МР-18М-М,гладкоствольное,1,32
МР-233,гладкоствольное,2,20
МР-94 "Север",комбинированное,2,7.62 мм
МР-43,гладкоствольное,2,32
МР-233,гладкоствольное,2,32
МР-43,гладкоствольное,2,32
МР-233,гладкоствольное,2,32
МР-143,гладкоствольное,1,7.62 мм
МР-133,гладкоствольное,1,12
МР-233,гладкоствольное,2,32
МР-43,гладкоствольное,2,32
МР-27М,гладкоствольное,2,20
МР-43,гладкоствольное,2,32
МР-18М-М,гладкоствольное,1,16
МР-153,гладкоствольное,1,12
МР-153,гладкоствольное,1,12
МР-18МН,нарезное,1,7.62 мм
МР-43,гладкоствольное,2,32
МР-233,гладкоствольное,2,20
МР-43,гладкоствольное,2,16
МР-94 "Экспресс",нарезное,2,7.62 мм
МР-18М-М,гладкоствольное,1,32
МР-18М-М,гладкоствольное,1,12
МР-233,гладкоствольное,2,32
МР-18МН,нарезное,1,7.62 мм
ОП-СКС,гладкоствольное,1,7.62 мм
МР-27М,гладкоствольное,2,20
МР-94МР,комбинированное,2,7.62 мм
МР-18М-М,гладкоствольное,1,32
ОП-СКС,гладкоствольное,1,7.62 мм
МР-43,гладкоствольное,2,12
МР-233,гладкоствольное,2,12
МР-233,гладкоствольное,2,12
МР-94 "Экспресс",нарезное,2,7.62 мм
МР-18МН,нарезное,1,7.62 мм
МР-133,гладкоствольное,1,12
МР-43,гладкоствольное,2,32
МР-43,гладкоствольное,2,20
МР-18М-М,гладкоствольное,1,12
МР-43,гладкоствольное,2,16
МР-18М-М,гладкоствольное,1,16
МР-233,гладкоствольное,2,20
МР-18МН,нарезное,1,7.62 мм
МР-18М-М,гладкоствольное,1,12
МР-27М,гладкоствольное,2,16
МР-233,гладкоствольное,2,20
МР-233,гладкоствольное,2,20
МР-153,гладкоствольное,1,12
МР-27М,гладкоствольное,2,12
МР-18М-М,гладкоствольное,1,20
МР-94 "Север",комбинированное,2,7.62 мм
МР-18М-М,гладкоствольное,1,16
МР-18М-М,гладкоствольное,1,20
МР-18МН,нарезное,1,7.62 мм
МР-18М-М,гладкоствольное,1,32
МР-43,гладкоствольное,2,16
МР-18М-М,гладкоствольное,1,12
МР-233,гладкоствольное,2,32
МР-18М-М,гладкоствольное,1,32
МР-27М,гладкоствольное,2,12
МР-18М-М,гладкоствольное,1,12
МР-27М,гладкоствольное,2,20
МР-43,гладкоствольное,2,12
МР-233,гладкоствольное,2,12
МР-18М-М,гладкоствольное,1,20
МР-133,гладкоствольное,1,12
МР-94МР,комбинированное,2,7.62 мм
МР-27М,гладкоствольное,2,32
МР-43,гладкоствольное,2,16
МР-43,гладкоствольное,2,20
МР-18М-М,гладкоствольное,1,12
МР-18М-М,гладкоствольное,1,32
МР-143,гладкоствольное,1,7.62 мм
МР-18М-М,гладкоствольное,1,16
МР-27М,гладкоствольное,2,12
МР-233,гладкоствольное,2,16
МР-94 "Север",комбинированное,2,7.62 мм
МР-27М,гладкоствольное,2,12
МР-233,гладкоствольное,2,12
МР-18М-М,гладкоствольное,1,16
МР-94МР,комбинированное,2,7.62 мм
МР-18М-М,гладкоствольное,1,20
МР-27М,гладкоствольное,2,16
МР-18М-М,гладкоствольное,1,32
МР-18МН,нарезное,1,7.62 мм
МР-233,гладкоствольное,2,20
МР-18М-М,гладкоствольное,1,16
МР-27М,гладкоствольное,2,32
МР-18М-М,гладкоствольное,1,20
МР-233,гладкоствольное,2,16
МР-233,гладкоствольное,2,16
МР-233,гладкоствольное,2,32
МР-233,гладкоствольное,2,12
МР-133,гладкоствольное,1,12
МР-94МР,комбинированное,2,7.62 мм
МР-43,гладкоствольное,2,12
МР-27М,гладкоствольное,2,32
МР-18М-М,гладкоствольное,1,32
ОП-СКС,гладкоствольное,1,7.62 мм
МР-18М-М,гладкоствольное,1,12
МР-94 "Север",комбинированное,2,7.62 мм
МР-143,гладкоствольное,1,7.62 мм
МР-18М-М,гладкоствольное,1,32
МР-27М,гладкоствольное,2,32
МР-18М-М,гладкоствольное,1,20
МР-94МР,комбинированное,2,7.62 мм
МР-43,гладкоствольное,2,20
МР-43,гладкоствольное,2,16
МР-27М,гладкоствольное,2,16
МР-233,гладкоствольное,2,32
МР-94 "Экспресс",нарезное,2,7.62 мм
МР-233,гладкоствольное,2,16
МР-18М-М,гладкоствольное,1,20
МР-94 "Экспресс",нарезное,2,7.62 мм
МР-27М,гладкоствольное,2,32
МР-233,гладкоствольное,2,12
МР-27М,гладкоствольное,2,12
МР-43,гладкоствольное,2,16
МР-18М-М,гладкоствольное,1,32
МР-43,гладкоствольное,2,20
МР-18М-М,гладкоствольное,1,16
МР-133,гладкоствольное,1,12
МР-18М-М,гладкоствольное,1,32
МР-43,гладкоствольное,2,20
МР-27М,гладкоствольное,2,16
МР-94 "Экспресс",нарезное,2,7.62 мм
МР-18М-М,гладкоствольное,1,16
МР-133,гладкоствольное,1,12
МР-233,гладкоствольное,2,20
МР-18М-М,гладкоствольное,1,20
МР-18М-М,гладкоствольное,1,16
МР-43,гладкоствольное,2,16
МР-18М-М,гладкоствольное,1,32
МР-233,гладкоствольное,2,12
МР-233,гладкоствольное,2,32
МР-43,гладкоствольное,2,16
МР-27М,гладкоствольное,2,12
МР-18М-М,гладкоствольное,1,20
МР-153,гладкоствольное,1,12
МР-27М,гладкоствольное,2,20
МР-153,гладкоствольное,1,12
МР-233,гладкоствольное,2,16
МР-18М-М,гладкоствольное,1,20
МР-27М,гладкоствольное,2,12
МР-233,гладкоствольное,2,20
МР-43,гладкоствольное,2,12
МР-233,гладкоствольное,2,20
МР-94 "Экспресс",нарезное,2,7.62 мм
МР-233,гладкоствольное,2,12
МР-18М-М,гладкоствольное,1,12
МР-133,гладкоствольное,1,12
МР-43,гладкоствольное,2,16
МР-27М,гладкоствольное,2,32
МР-233,гладкоствольное,2,16
МР-43,гладкоствольное,2,20
МР-27М,гладкоствольное,2,20
МР-27М,гладкоствольное,2,12
МР-27М,гладкоствольное,2,16
МР-43,гладкоствольное,2,20
МР-18М-М,гладкоствольное,1,32
МР-43,гладкоствольное,2,16
МР-233,гладкоствольное,2,32
МР-133,гладкоствольное,1,12
МР-94МР,комбинированное,2,7.62 мм
МР-18М-М,гладкоствольное,1,32
ОП-СКС,гладкоствольное,1,7.62 мм
МР-18МН,нарезное,1,7.62 мм
МР-18М-М,гладкоствольное,1,20
МР-43,гладкоствольное,2,12
МР-143,гладкоствольное,1,7.62 мм
МР-27М,гладкоствольное,2,12
МР-43,гладкоствольное,2,32
МР-18М-М,гладкоствольное,1,20
МР-27М,гладкоствольное,2,12
МР-94 "Север",комбинированное,2,7.62 мм
МР-27М,гладкоствольное,2,32
МР-18М-М,гладкоствольное,1,20
МР-94 "Экспресс",нарезное,2,7.62 мм
МР-94МР,комбинированное,2,7.62 мм
МР-27М,гладкоствольное,2,20
МР-94МР,комбинированное,2,7.62 мм
МР-27М,гладкоствольное,2,32
МР-27М,гладкоствольное,2,12
МР-43,гладкоствольное,2,12
Сайга 308-1,нарезное,2,7.62 мм
МР-27М,гладкоствольное,2,20
МР-133,гладкоствольное,1,12
МР-27М,гладкоствольное,2,32
Сайга 308-1,нарезное,2,7.62 мм
МР-233,гладкоствольное,2,16
МР-18М-М,гладкоствольное,1,20
МР-27М,гладкоствольное,2,32
МР-94 "Север",комбинированное,2,7.62 мм
МР-18М-М,гладкоствольное,1,16
МР-94 "Север",комбинированное,2,7.62 мм
ОП-СКС,гладкоствольное,1,7.62 мм
МР-233,гладкоствольное,2,32
МР-18М-М,гладкоствольное,1,20
МР-233,гладкоствольное,2,32
МР-18М-М,гладкоствольное,1,12
МР-143,гладкоствольное,1,7.62 мм
МР-43,гладкоствольное,2,32
МР-18М-М,гладкоствольное,1,16
МР-43,гладкоствольное,2,20
МР-94 "Север",комбинированное,2,7.62 мм
МР-233,гладкоствольное,2,20
МР-27М,гладкоствольное,2,16
МР-27М,гладкоствольное,2,12
МР-18М-М,гладкоствольное,1,32
МР-153,гладкоствольное,1,12
МР-27М,гладкоствольное,2,32
МР-27М,гладкоствольное,2,16
МР-94 "Север",комбинированное,2,7.62 мм
МР-94 "Экспресс",нарезное,2,7.62 мм
МР-153,гладкоствольное,1,12
МР-27М,гладкоствольное,2,32
МР-27М,гладкоствольное,2,20
МР-233,гладкоствольное,2,20
МР-94 "Север",комбинированное,2,7.62 мм
МР-233,гладкоствольное,2,16
МР-18М-М,гладкоствольное,1,32
МР-18М-М,гладкоствольное,1,16
МР-18М-М,гладкоствольное,1,12
МР-233,гладкоствольное,2,12
МР-18М-М,гладкоствольное,1,16
МР-18М-М,гладкоствольное,1,32
МР-18МН,нарезное,1,7.62 мм
МР-18МН,нарезное,1,7.62 мм
МР-94 "Экспресс",нарезное,2,7.62 мм
МР-18М-М,гладкоствольное,1,16
МР-94 "Север",комбинированное,2,7.62 мм
МР-233,гладкоствольное,2,32
МР-233,гладкоствольное,2,32
МР-233,гладкоствольное,2,20
МР-27М,гладкоствольное,2,32
МР-94МР,комбинированное,2,7.62 мм
МР-27М,гладкоствольное,2,12
МР-18М-М,гладкоствольное,1,12
МР-233,гладкоствольное,2,16
МР-27М,гладкоствольное,2,16
МР-43,гладкоствольное,2,32
МР-18МН,нарезное,1,7.62 мм
ОП-СКС,гладкоствольное,1,7.62 мм
МР-18М-М,гладкоствольное,1,16
МР-27М,гладкоствольное,2,12
МР-94 "Экспресс",нарезное,2,7.62 мм
МР-18М-М,гладкоствольное,1,32
МР-27М,гладкоствольное,2,20
МР-94 "Экспресс",нарезное,2,7.62 мм
МР-18МН,нарезное,1,7.62 мм
